{"level":"info","message":"Checking access for user 6956bb71599efa2181fb62d5 to farm 6956bc5f6427287645ee43ec","service":"animal-management","timestamp":"2026-01-02T17:52:22.915Z"}
{"level":"info","message":"Checking access for user 6956bb71599efa2181fb62d5 to farm 6956bc5f6427287645ee43ec","service":"animal-management","timestamp":"2026-01-02T17:54:28.361Z"}
{"level":"info","message":"Checking access for user 6956bb71599efa2181fb62d5 to farm 6956bc5f6427287645ee43ec","service":"animal-management","timestamp":"2026-01-02T17:54:39.592Z"}
{"level":"info","message":"Checking access for user 6956bb71599efa2181fb62d5 to farm 6956bc5f6427287645ee43ec","service":"animal-management","timestamp":"2026-01-02T17:54:40.584Z"}
{"level":"info","message":"Checking access for user 6956bb71599efa2181fb62d5 to farm 6956bc5f6427287645ee43ec","service":"animal-management","timestamp":"2026-01-02T17:54:58.538Z"}
{"level":"info","message":"Checking access for user 6956bb71599efa2181fb62d5 to farm 6956bc5f6427287645ee43ec","service":"animal-management","timestamp":"2026-01-02T17:55:04.028Z"}
{"level":"info","message":"Checking access for user 6956bb71599efa2181fb62d5 to farm 6956bc5f6427287645ee43ec","service":"animal-management","timestamp":"2026-01-02T17:57:39.488Z"}
{"level":"info","message":"Checking access for user 6956bb71599efa2181fb62d5 to farm 6956bc5f6427287645ee43ec","service":"animal-management","timestamp":"2026-01-02T17:57:48.881Z"}
{"level":"info","message":"Checking access for user 6958074621f294db2214fb9c to farm 6958075f21f294db2214fba0","service":"animal-management","timestamp":"2026-01-02T17:58:59.252Z"}
{"level":"info","message":"User 6958074621f294db2214fb9c has access to farm 6958075f21f294db2214fba0","service":"animal-management","timestamp":"2026-01-02T17:58:59.259Z"}
{"level":"info","message":"Checking access for user 6958074621f294db2214fb9c to farm 6958075f21f294db2214fba0","service":"animal-management","timestamp":"2026-01-02T17:59:18.795Z"}
{"level":"info","message":"User 6958074621f294db2214fb9c has access to farm 6958075f21f294db2214fba0","service":"animal-management","timestamp":"2026-01-02T17:59:18.798Z"}
{"level":"info","message":"Assigning user 68dfabd702220825c3c43638 to farm 6958075f21f294db2214fba0","service":"animal-management","timestamp":"2026-01-02T17:59:18.799Z"}
{"level":"info","message":"Checking access for user 6958074621f294db2214fb9c to farm 6958075f21f294db2214fba0","service":"animal-management","timestamp":"2026-01-02T18:01:43.794Z"}
{"level":"info","message":"User 6958074621f294db2214fb9c has access to farm 6958075f21f294db2214fba0","service":"animal-management","timestamp":"2026-01-02T18:01:43.835Z"}
{"level":"info","message":"Checking access for user 6958074621f294db2214fb9c to farm 6958075f21f294db2214fba0","service":"animal-management","timestamp":"2026-01-02T18:01:52.205Z"}
{"level":"info","message":"User 6958074621f294db2214fb9c has access to farm 6958075f21f294db2214fba0","service":"animal-management","timestamp":"2026-01-02T18:01:52.210Z"}
{"level":"info","message":"Assigning user 68dfabd702220825c3c43638 to farm 6958075f21f294db2214fba0","service":"animal-management","timestamp":"2026-01-02T18:01:52.211Z"}
{"level":"info","message":"Checking access for user 6958074621f294db2214fb9c to farm 6958075f21f294db2214fba0","service":"animal-management","timestamp":"2026-01-02T18:03:16.275Z"}
{"level":"info","message":"User 6958074621f294db2214fb9c has access to farm 6958075f21f294db2214fba0","service":"animal-management","timestamp":"2026-01-02T18:03:16.288Z"}
{"level":"info","message":"Assigning user 68dfabd702220825c3c43638 to farm 6958075f21f294db2214fba0","service":"animal-management","timestamp":"2026-01-02T18:03:16.289Z"}
{"level":"info","message":"Checking access for user 6958074621f294db2214fb9c to farm 6958075f21f294db2214fba0","service":"animal-management","timestamp":"2026-01-02T18:06:05.343Z"}
{"level":"info","message":"User 6958074621f294db2214fb9c has access to farm 6958075f21f294db2214fba0","service":"animal-management","timestamp":"2026-01-02T18:06:05.379Z"}
{"level":"info","message":"Checking access for user 6958074621f294db2214fb9c to farm 6958075f21f294db2214fba0","service":"animal-management","timestamp":"2026-01-02T18:06:10.299Z"}
{"level":"info","message":"User 6958074621f294db2214fb9c has access to farm 6958075f21f294db2214fba0","service":"animal-management","timestamp":"2026-01-02T18:06:10.303Z"}
{"level":"info","message":"Assigning user 68dfabd702220825c3c43638 to farm 6958075f21f294db2214fba0","service":"animal-management","timestamp":"2026-01-02T18:06:10.304Z"}
{"level":"info","message":"Checking access for user 6958074621f294db2214fb9c to farm 6958075f21f294db2214fba0","service":"animal-management","timestamp":"2026-01-02T18:07:25.276Z"}
{"level":"info","message":"User 6958074621f294db2214fb9c has access to farm 6958075f21f294db2214fba0","service":"animal-management","timestamp":"2026-01-02T18:07:25.283Z"}
{"level":"info","message":"Checking access for user 6958074621f294db2214fb9c to farm 6958075f21f294db2214fba0","service":"animal-management","timestamp":"23:41:44"}
{"level":"info","message":"Checking access for user 6958074621f294db2214fb9c to farm 6958075f21f294db2214fba0","service":"animal-management","timestamp":"23:41:53"}
{"level":"info","message":"Checking access for user 6958074621f294db2214fb9c to farm 6958075f21f294db2214fba0","service":"animal-management","timestamp":"23:41:59"}
{"level":"info","message":"Checking access for user 6958074621f294db2214fb9c to farm 6958075f21f294db2214fba0","service":"animal-management","timestamp":"23:45:18"}
{"level":"info","message":"Checking access for user 6958074621f294db2214fb9c to farm 6958075f21f294db2214fba0","service":"animal-management","timestamp":"23:45:27"}
{"level":"info","message":"Checking access for user 6958074621f294db2214fb9c to farm 6958075f21f294db2214fba0","service":"animal-management","timestamp":"23:45:33"}
{"level":"info","message":"Checking access for user 6958074621f294db2214fb9c to farm 6958075f21f294db2214fba0","service":"animal-management","timestamp":"2026-01-02T18:18:46.552Z"}
{"level":"info","message":"User 6958074621f294db2214fb9c has access to farm 6958075f21f294db2214fba0","service":"animal-management","timestamp":"2026-01-02T18:18:46.619Z"}
{"level":"info","message":"=== GETTING FARM USERS for farm: 6958075f21f294db2214fba0 ===","service":"animal-management","timestamp":"2026-01-02T18:18:46.621Z"}
{"level":"info","message":"Checking access for user 6958074621f294db2214fb9c to farm 6958075f21f294db2214fba0","service":"animal-management","timestamp":"2026-01-02T18:18:56.474Z"}
{"level":"info","message":"User 6958074621f294db2214fb9c has access to farm 6958075f21f294db2214fba0","service":"animal-management","timestamp":"2026-01-02T18:18:56.478Z"}
{"level":"info","message":"Assigning user 68e173d6433e2ac385e6815c to farm 6958075f21f294db2214fba0","service":"animal-management","timestamp":"2026-01-02T18:18:56.480Z"}
{"level":"info","message":"Checking access for user 6958074621f294db2214fb9c to farm 6958075f21f294db2214fba0","service":"animal-management","timestamp":"2026-01-02T18:22:14.939Z"}
{"level":"info","message":"User 6958074621f294db2214fb9c has access to farm 6958075f21f294db2214fba0","service":"animal-management","timestamp":"2026-01-02T18:22:14.979Z"}
{"level":"info","message":"=== GETTING FARM USERS for farm: 6958075f21f294db2214fba0 ===","service":"animal-management","timestamp":"2026-01-02T18:22:14.980Z"}
{"level":"info","message":"Checking access for user 6958074621f294db2214fb9c to farm 6958075f21f294db2214fba0","service":"animal-management","timestamp":"2026-01-02T18:22:29.027Z"}
{"level":"info","message":"User 6958074621f294db2214fb9c has access to farm 6958075f21f294db2214fba0","service":"animal-management","timestamp":"2026-01-02T18:22:29.033Z"}
{"level":"info","message":"Checking access for user 6958074621f294db2214fb9c to farm 6958075f21f294db2214fba0","service":"animal-management","timestamp":"2026-01-02T18:22:38.918Z"}
{"level":"info","message":"User 6958074621f294db2214fb9c has access to farm 6958075f21f294db2214fba0","service":"animal-management","timestamp":"2026-01-02T18:22:38.922Z"}
{"level":"info","message":"Assigning user 68e173d6433e2ac385e6815c to farm 6958075f21f294db2214fba0","service":"animal-management","timestamp":"2026-01-02T18:22:38.923Z"}
{"level":"info","message":"Checking access for user 6958074621f294db2214fb9c to farm 6958075f21f294db2214fba0","service":"animal-management","timestamp":"2026-01-02T18:23:54.828Z"}
{"level":"info","message":"User 6958074621f294db2214fb9c has access to farm 6958075f21f294db2214fba0","service":"animal-management","timestamp":"2026-01-02T18:23:54.833Z"}
{"level":"info","message":"=== GETTING FARM USERS for farm: 6958075f21f294db2214fba0 ===","service":"animal-management","timestamp":"2026-01-02T18:23:54.833Z"}
{"level":"info","message":"Checking access for user 6958074621f294db2214fb9c to farm 6958075f21f294db2214fba0","service":"animal-management","timestamp":"2026-01-02T18:24:03.822Z"}
{"level":"info","message":"User 6958074621f294db2214fb9c has access to farm 6958075f21f294db2214fba0","service":"animal-management","timestamp":"2026-01-02T18:24:03.826Z"}
{"level":"info","message":"=== GETTING FARM USERS for farm: 6958075f21f294db2214fba0 ===","service":"animal-management","timestamp":"2026-01-02T18:24:03.827Z"}
{"level":"info","message":"Checking access for user 6958074621f294db2214fb9c to farm 6958075f21f294db2214fba0","service":"animal-management","timestamp":"2026-01-02T18:35:59.006Z"}
{"level":"info","message":"User 6958074621f294db2214fb9c has access to farm 6958075f21f294db2214fba0","service":"animal-management","timestamp":"2026-01-02T18:35:59.197Z"}
{"level":"info","message":"=== GETTING FARM USERS for farm: 6958075f21f294db2214fba0 ===","service":"animal-management","timestamp":"2026-01-02T18:35:59.199Z"}
{"level":"info","message":"Checking access for user 6958074621f294db2214fb9c to farm 6958075f21f294db2214fba0","service":"animal-management","timestamp":"2026-01-02T18:35:59.825Z"}
{"level":"info","message":"User 6958074621f294db2214fb9c has access to farm 6958075f21f294db2214fba0","service":"animal-management","timestamp":"2026-01-02T18:35:59.836Z"}
{"level":"info","message":"=== GETTING FARM USERS for farm: 6958075f21f294db2214fba0 ===","service":"animal-management","timestamp":"2026-01-02T18:35:59.840Z"}
{"level":"info","message":"Checking access for user 6958074621f294db2214fb9c to farm 6958075f21f294db2214fba0","service":"animal-management","timestamp":"2026-01-02T18:36:01.817Z"}
{"level":"info","message":"User 6958074621f294db2214fb9c has access to farm 6958075f21f294db2214fba0","service":"animal-management","timestamp":"2026-01-02T18:36:01.821Z"}
{"level":"info","message":"=== GETTING FARM USERS for farm: 6958075f21f294db2214fba0 ===","service":"animal-management","timestamp":"2026-01-02T18:36:01.822Z"}
{"level":"info","message":"Checking access for user 6958074621f294db2214fb9c to farm 6958075f21f294db2214fba0","service":"animal-management","timestamp":"2026-01-02T18:40:21.656Z"}
{"level":"info","message":"User 6958074621f294db2214fb9c has access to farm 6958075f21f294db2214fba0","service":"animal-management","timestamp":"2026-01-02T18:40:21.667Z"}
{"level":"info","message":"=== GETTING FARM USERS for farm: 6958075f21f294db2214fba0 ===","service":"animal-management","timestamp":"2026-01-02T18:40:21.668Z"}
{"level":"info","message":"Checking access for user 6958074621f294db2214fb9c to farm 6958075f21f294db2214fba0","service":"animal-management","timestamp":"2026-01-02T18:42:03.038Z"}
{"level":"info","message":"User 6958074621f294db2214fb9c has access to farm 6958075f21f294db2214fba0","service":"animal-management","timestamp":"2026-01-02T18:42:03.065Z"}
{"level":"info","message":"=== GETTING FARM USERS for farm: 6958075f21f294db2214fba0 ===","service":"animal-management","timestamp":"2026-01-02T18:42:03.066Z"}
{"level":"info","message":"Checking access for user 6958074621f294db2214fb9c to farm 6958075f21f294db2214fba0","service":"animal-management","timestamp":"2026-01-02T18:43:56.894Z"}
{"level":"info","message":"User 6958074621f294db2214fb9c has access to farm 6958075f21f294db2214fba0","service":"animal-management","timestamp":"2026-01-02T18:43:56.904Z"}
{"level":"info","message":"=== GETTING FARM USERS for farm: 6958075f21f294db2214fba0 ===","service":"animal-management","timestamp":"2026-01-02T18:43:56.904Z"}
{"level":"info","message":"Checking access for user 6958074621f294db2214fb9c to farm 6958075f21f294db2214fba0","service":"animal-management","timestamp":"2026-01-02T18:44:05.812Z"}
{"level":"info","message":"User 6958074621f294db2214fb9c has access to farm 6958075f21f294db2214fba0","service":"animal-management","timestamp":"2026-01-02T18:44:05.816Z"}
{"level":"info","message":"=== GETTING FARM USERS for farm: 6958075f21f294db2214fba0 ===","service":"animal-management","timestamp":"2026-01-02T18:44:05.817Z"}
{"level":"info","message":"Checking access for user 6958074621f294db2214fb9c to farm 6958075f21f294db2214fba0","service":"animal-management","timestamp":"2026-01-02T18:44:07.810Z"}
{"level":"info","message":"User 6958074621f294db2214fb9c has access to farm 6958075f21f294db2214fba0","service":"animal-management","timestamp":"2026-01-02T18:44:07.813Z"}
{"level":"info","message":"=== GETTING FARM USERS for farm: 6958075f21f294db2214fba0 ===","service":"animal-management","timestamp":"2026-01-02T18:44:07.813Z"}
{"level":"info","message":"Checking access for user 6958074621f294db2214fb9c to farm 6958075f21f294db2214fba0","service":"animal-management","timestamp":"2026-01-02T18:44:16.878Z"}
{"level":"info","message":"User 6958074621f294db2214fb9c has access to farm 6958075f21f294db2214fba0","service":"animal-management","timestamp":"2026-01-02T18:44:16.883Z"}
{"level":"info","message":"=== GETTING FARM USERS for farm: 6958075f21f294db2214fba0 ===","service":"animal-management","timestamp":"2026-01-02T18:44:16.884Z"}
{"level":"info","message":"Checking access for user 6958074621f294db2214fb9c to farm 6958075f21f294db2214fba0","service":"animal-management","timestamp":"2026-01-02T18:49:50.930Z"}
{"level":"info","message":"User 6958074621f294db2214fb9c has access to farm 6958075f21f294db2214fba0","service":"animal-management","timestamp":"2026-01-02T18:49:50.995Z"}
{"level":"info","message":"=== GETTING FARM USERS for farm: 6958075f21f294db2214fba0 ===","service":"animal-management","timestamp":"2026-01-02T18:49:50.997Z"}
{"level":"info","message":"Checking access for user 6958074621f294db2214fb9c to farm 6958075f21f294db2214fba0","service":"animal-management","timestamp":"2026-01-02T18:50:30.829Z"}
{"level":"info","message":"User 6958074621f294db2214fb9c has access to farm 6958075f21f294db2214fba0","service":"animal-management","timestamp":"2026-01-02T18:50:30.832Z"}
{"level":"info","message":"=== GETTING FARM USERS for farm: 6958075f21f294db2214fba0 ===","service":"animal-management","timestamp":"2026-01-02T18:50:30.833Z"}
{"level":"info","message":"Checking access for user 6958074621f294db2214fb9c to farm 6958075f21f294db2214fba0","service":"animal-management","timestamp":"2026-01-02T18:51:57.834Z"}
{"level":"info","message":"User 6958074621f294db2214fb9c has access to farm 6958075f21f294db2214fba0","service":"animal-management","timestamp":"2026-01-02T18:51:57.838Z"}
{"level":"info","message":"=== GETTING FARM USERS for farm: 6958075f21f294db2214fba0 ===","service":"animal-management","timestamp":"2026-01-02T18:51:57.838Z"}
{"level":"info","message":"Checking access for user 6958074621f294db2214fb9c to farm 6958075f21f294db2214fba0","service":"animal-management","timestamp":"2026-01-02T18:51:59.836Z"}
{"level":"info","message":"User 6958074621f294db2214fb9c has access to farm 6958075f21f294db2214fba0","service":"animal-management","timestamp":"2026-01-02T18:51:59.841Z"}
{"level":"info","message":"=== GETTING FARM USERS for farm: 6958075f21f294db2214fba0 ===","service":"animal-management","timestamp":"2026-01-02T18:51:59.842Z"}
{"level":"info","message":"Checking access for user 6958074621f294db2214fb9c to farm 6958075f21f294db2214fba0","service":"animal-management","timestamp":"2026-01-02T18:52:14.836Z"}
{"level":"info","message":"User 6958074621f294db2214fb9c has access to farm 6958075f21f294db2214fba0","service":"animal-management","timestamp":"2026-01-02T18:52:14.842Z"}
{"level":"info","message":"=== GETTING FARM USERS for farm: 6958075f21f294db2214fba0 ===","service":"animal-management","timestamp":"2026-01-02T18:52:14.842Z"}
{"level":"info","message":"Checking access for user 6958074621f294db2214fb9c to farm 6958075f21f294db2214fba0","service":"animal-management","timestamp":"2026-01-02T18:52:25.833Z"}
{"level":"info","message":"User 6958074621f294db2214fb9c has access to farm 6958075f21f294db2214fba0","service":"animal-management","timestamp":"2026-01-02T18:52:25.835Z"}
{"level":"info","message":"=== GETTING FARM USERS for farm: 6958075f21f294db2214fba0 ===","service":"animal-management","timestamp":"2026-01-02T18:52:25.836Z"}
{"level":"info","message":"Checking access for user 6958074621f294db2214fb9c to farm 6958075f21f294db2214fba0","service":"animal-management","timestamp":"2026-01-02T18:52:28.829Z"}
{"level":"info","message":"User 6958074621f294db2214fb9c has access to farm 6958075f21f294db2214fba0","service":"animal-management","timestamp":"2026-01-02T18:52:28.834Z"}
{"level":"info","message":"=== GETTING FARM USERS for farm: 6958075f21f294db2214fba0 ===","service":"animal-management","timestamp":"2026-01-02T18:52:28.836Z"}
{"level":"info","message":"Checking access for user 6958074621f294db2214fb9c to farm 6958075f21f294db2214fba0","service":"animal-management","timestamp":"2026-01-02T18:54:15.850Z"}
{"level":"info","message":"User 6958074621f294db2214fb9c has access to farm 6958075f21f294db2214fba0","service":"animal-management","timestamp":"2026-01-02T18:54:15.859Z"}
{"level":"info","message":"=== GETTING FARM USERS for farm: 6958075f21f294db2214fba0 ===","service":"animal-management","timestamp":"2026-01-02T18:54:15.859Z"}
{"level":"info","message":"Checking access for user 6958074621f294db2214fb9c to farm 6958075f21f294db2214fba0","service":"animal-management","timestamp":"2026-01-02T18:54:32.826Z"}
{"level":"info","message":"User 6958074621f294db2214fb9c has access to farm 6958075f21f294db2214fba0","service":"animal-management","timestamp":"2026-01-02T18:54:32.829Z"}
{"level":"info","message":"=== GETTING FARM USERS for farm: 6958075f21f294db2214fba0 ===","service":"animal-management","timestamp":"2026-01-02T18:54:32.830Z"}
{"level":"info","message":"Checking access for user 6958074621f294db2214fb9c to farm 6958075f21f294db2214fba0","service":"animal-management","timestamp":"2026-01-02T18:55:55.856Z"}
{"level":"info","message":"User 6958074621f294db2214fb9c has access to farm 6958075f21f294db2214fba0","service":"animal-management","timestamp":"2026-01-02T18:55:55.863Z"}
{"level":"info","message":"=== GETTING FARM USERS for farm: 6958075f21f294db2214fba0 ===","service":"animal-management","timestamp":"2026-01-02T18:55:55.863Z"}
{"level":"info","message":"Checking access for user 6958074621f294db2214fb9c to farm 6958075f21f294db2214fba0","service":"animal-management","timestamp":"2026-01-02T18:56:04.819Z"}
{"level":"info","message":"User 6958074621f294db2214fb9c has access to farm 6958075f21f294db2214fba0","service":"animal-management","timestamp":"2026-01-02T18:56:04.822Z"}
{"level":"info","message":"=== GETTING FARM USERS for farm: 6958075f21f294db2214fba0 ===","service":"animal-management","timestamp":"2026-01-02T18:56:04.823Z"}
{"level":"info","message":"Checking access for user 6958074621f294db2214fb9c to farm 6958075f21f294db2214fba0","service":"animal-management","timestamp":"2026-01-02T18:56:15.817Z"}
{"level":"info","message":"User 6958074621f294db2214fb9c has access to farm 6958075f21f294db2214fba0","service":"animal-management","timestamp":"2026-01-02T18:56:15.819Z"}
{"level":"info","message":"=== GETTING FARM USERS for farm: 6958075f21f294db2214fba0 ===","service":"animal-management","timestamp":"2026-01-02T18:56:15.820Z"}
{"level":"info","message":"Checking access for user 6958074621f294db2214fb9c to farm 6958075f21f294db2214fba0","service":"animal-management","timestamp":"2026-01-02T18:56:43.880Z"}
{"level":"info","message":"User 6958074621f294db2214fb9c has access to farm 6958075f21f294db2214fba0","service":"animal-management","timestamp":"2026-01-02T18:56:43.884Z"}
{"level":"info","message":"=== GETTING FARM USERS for farm: 6958075f21f294db2214fba0 ===","service":"animal-management","timestamp":"2026-01-02T18:56:43.885Z"}
{"level":"info","message":"Checking access for user 6958074621f294db2214fb9c to farm 6958075f21f294db2214fba0","service":"animal-management","timestamp":"2026-01-02T18:56:56.512Z"}
{"level":"info","message":"User 6958074621f294db2214fb9c has access to farm 6958075f21f294db2214fba0","service":"animal-management","timestamp":"2026-01-02T18:56:56.515Z"}
{"level":"info","message":"Checking access for user 6958074621f294db2214fb9c to farm 6958075f21f294db2214fba0","service":"animal-management","timestamp":"2026-01-02T18:57:24.850Z"}
{"level":"info","message":"User 6958074621f294db2214fb9c has access to farm 6958075f21f294db2214fba0","service":"animal-management","timestamp":"2026-01-02T18:57:24.853Z"}
{"level":"info","message":"=== GETTING FARM USERS for farm: 6958075f21f294db2214fba0 ===","service":"animal-management","timestamp":"2026-01-02T18:57:24.854Z"}
{"level":"info","message":"Checking access for user 6958074621f294db2214fb9c to farm 6958075f21f294db2214fba0","service":"animal-management","timestamp":"2026-01-02T18:57:39.825Z"}
{"level":"info","message":"User 6958074621f294db2214fb9c has access to farm 6958075f21f294db2214fba0","service":"animal-management","timestamp":"2026-01-02T18:57:39.827Z"}
{"level":"info","message":"=== GETTING FARM USERS for farm: 6958075f21f294db2214fba0 ===","service":"animal-management","timestamp":"2026-01-02T18:57:39.827Z"}
{"level":"info","message":"Checking access for user 6958074621f294db2214fb9c to farm 6958075f21f294db2214fba0","service":"animal-management","timestamp":"2026-01-02T18:57:45.828Z"}
{"level":"info","message":"User 6958074621f294db2214fb9c has access to farm 6958075f21f294db2214fba0","service":"animal-management","timestamp":"2026-01-02T18:57:45.830Z"}
{"level":"info","message":"=== GETTING FARM USERS for farm: 6958075f21f294db2214fba0 ===","service":"animal-management","timestamp":"2026-01-02T18:57:45.830Z"}
{"level":"info","message":"Checking access for user 6958074621f294db2214fb9c to farm 6958075f21f294db2214fba0","service":"animal-management","timestamp":"2026-01-02T18:57:50.834Z"}
{"level":"info","message":"User 6958074621f294db2214fb9c has access to farm 6958075f21f294db2214fba0","service":"animal-management","timestamp":"2026-01-02T18:57:50.836Z"}
{"level":"info","message":"=== GETTING FARM USERS for farm: 6958075f21f294db2214fba0 ===","service":"animal-management","timestamp":"2026-01-02T18:57:50.836Z"}
{"level":"info","message":"Checking access for user 6958074621f294db2214fb9c to farm 6958075f21f294db2214fba0","service":"animal-management","timestamp":"2026-01-02T18:59:28.817Z"}
{"level":"info","message":"User 6958074621f294db2214fb9c has access to farm 6958075f21f294db2214fba0","service":"animal-management","timestamp":"2026-01-02T18:59:28.820Z"}
{"level":"info","message":"=== GETTING FARM USERS for farm: 6958075f21f294db2214fba0 ===","service":"animal-management","timestamp":"2026-01-02T18:59:28.820Z"}
{"level":"info","message":"Checking access for user 6958074621f294db2214fb9c to farm 6958075f21f294db2214fba0","service":"animal-management","timestamp":"2026-01-02T18:59:33.814Z"}
{"level":"info","message":"User 6958074621f294db2214fb9c has access to farm 6958075f21f294db2214fba0","service":"animal-management","timestamp":"2026-01-02T18:59:33.816Z"}
{"level":"info","message":"=== GETTING FARM USERS for farm: 6958075f21f294db2214fba0 ===","service":"animal-management","timestamp":"2026-01-02T18:59:33.816Z"}
{"level":"info","message":"Checking access for user 6958074621f294db2214fb9c to farm 6958075f21f294db2214fba0","service":"animal-management","timestamp":"2026-01-02T18:59:48.809Z"}
{"level":"info","message":"User 6958074621f294db2214fb9c has access to farm 6958075f21f294db2214fba0","service":"animal-management","timestamp":"2026-01-02T18:59:48.811Z"}
{"level":"info","message":"=== GETTING FARM USERS for farm: 6958075f21f294db2214fba0 ===","service":"animal-management","timestamp":"2026-01-02T18:59:48.812Z"}
{"level":"info","message":"Checking access for user 6958074621f294db2214fb9c to farm 6958075f21f294db2214fba0","service":"animal-management","timestamp":"2026-01-02T19:01:27.819Z"}
{"level":"info","message":"User 6958074621f294db2214fb9c has access to farm 6958075f21f294db2214fba0","service":"animal-management","timestamp":"2026-01-02T19:01:27.824Z"}
{"level":"info","message":"=== GETTING FARM USERS for farm: 6958075f21f294db2214fba0 ===","service":"animal-management","timestamp":"2026-01-02T19:01:27.824Z"}
{"level":"info","message":"Checking access for user 6958074621f294db2214fb9c to farm 6958075f21f294db2214fba0","service":"animal-management","timestamp":"2026-01-02T19:01:47.820Z"}
{"level":"info","message":"User 6958074621f294db2214fb9c has access to farm 6958075f21f294db2214fba0","service":"animal-management","timestamp":"2026-01-02T19:01:47.822Z"}
{"level":"info","message":"=== GETTING FARM USERS for farm: 6958075f21f294db2214fba0 ===","service":"animal-management","timestamp":"2026-01-02T19:01:47.822Z"}
{"level":"info","message":"Checking access for user 6958074621f294db2214fb9c to farm 6958075f21f294db2214fba0","service":"animal-management","timestamp":"2026-01-02T19:02:01.821Z"}
{"level":"info","message":"User 6958074621f294db2214fb9c has access to farm 6958075f21f294db2214fba0","service":"animal-management","timestamp":"2026-01-02T19:02:01.822Z"}
{"level":"info","message":"=== GETTING FARM USERS for farm: 6958075f21f294db2214fba0 ===","service":"animal-management","timestamp":"2026-01-02T19:02:01.823Z"}
{"level":"info","message":"Checking access for user 6958074621f294db2214fb9c to farm 6958075f21f294db2214fba0","service":"animal-management","timestamp":"2026-01-02T19:02:02.808Z"}
{"level":"info","message":"User 6958074621f294db2214fb9c has access to farm 6958075f21f294db2214fba0","service":"animal-management","timestamp":"2026-01-02T19:02:02.810Z"}
{"level":"info","message":"=== GETTING FARM USERS for farm: 6958075f21f294db2214fba0 ===","service":"animal-management","timestamp":"2026-01-02T19:02:02.810Z"}
{"level":"info","message":"Checking access for user 6958074621f294db2214fb9c to farm 6958075f21f294db2214fba0","service":"animal-management","timestamp":"2026-01-02T19:02:49.809Z"}
{"level":"info","message":"User 6958074621f294db2214fb9c has access to farm 6958075f21f294db2214fba0","service":"animal-management","timestamp":"2026-01-02T19:02:49.812Z"}
{"level":"info","message":"=== GETTING FARM USERS for farm: 6958075f21f294db2214fba0 ===","service":"animal-management","timestamp":"2026-01-02T19:02:49.813Z"}
{"level":"info","message":"Checking access for user 6958074621f294db2214fb9c to farm 6958075f21f294db2214fba0","service":"animal-management","timestamp":"2026-01-02T19:02:50.808Z"}
{"level":"info","message":"User 6958074621f294db2214fb9c has access to farm 6958075f21f294db2214fba0","service":"animal-management","timestamp":"2026-01-02T19:02:50.810Z"}
{"level":"info","message":"=== GETTING FARM USERS for farm: 6958075f21f294db2214fba0 ===","service":"animal-management","timestamp":"2026-01-02T19:02:50.810Z"}
{"level":"info","message":"Checking access for user 6958074621f294db2214fb9c to farm 6958075f21f294db2214fba0","service":"animal-management","timestamp":"2026-01-02T19:03:11.814Z"}
{"level":"info","message":"User 6958074621f294db2214fb9c has access to farm 6958075f21f294db2214fba0","service":"animal-management","timestamp":"2026-01-02T19:03:11.817Z"}
{"level":"info","message":"=== GETTING FARM USERS for farm: 6958075f21f294db2214fba0 ===","service":"animal-management","timestamp":"2026-01-02T19:03:11.817Z"}
{"level":"info","message":"Checking access for user 6958074621f294db2214fb9c to farm 6958075f21f294db2214fba0","service":"animal-management","timestamp":"2026-01-02T19:03:51.816Z"}
{"level":"info","message":"User 6958074621f294db2214fb9c has access to farm 6958075f21f294db2214fba0","service":"animal-management","timestamp":"2026-01-02T19:03:51.819Z"}
{"level":"info","message":"=== GETTING FARM USERS for farm: 6958075f21f294db2214fba0 ===","service":"animal-management","timestamp":"2026-01-02T19:03:51.819Z"}
{"level":"info","message":"Checking access for user 6958074621f294db2214fb9c to farm 6958075f21f294db2214fba0","service":"animal-management","timestamp":"2026-01-02T19:04:16.816Z"}
{"level":"info","message":"User 6958074621f294db2214fb9c has access to farm 6958075f21f294db2214fba0","service":"animal-management","timestamp":"2026-01-02T19:04:16.820Z"}
{"level":"info","message":"=== GETTING FARM USERS for farm: 6958075f21f294db2214fba0 ===","service":"animal-management","timestamp":"2026-01-02T19:04:16.820Z"}
{"level":"info","message":"Checking access for user 6958074621f294db2214fb9c to farm 6958075f21f294db2214fba0","service":"animal-management","timestamp":"2026-01-02T19:04:26.830Z"}
{"level":"info","message":"User 6958074621f294db2214fb9c has access to farm 6958075f21f294db2214fba0","service":"animal-management","timestamp":"2026-01-02T19:04:26.839Z"}
{"level":"info","message":"=== GETTING FARM USERS for farm: 6958075f21f294db2214fba0 ===","service":"animal-management","timestamp":"2026-01-02T19:04:26.840Z"}
{"level":"info","message":"Checking access for user 6958074621f294db2214fb9c to farm 6958075f21f294db2214fba0","service":"animal-management","timestamp":"2026-01-02T19:05:01.813Z"}
{"level":"info","message":"User 6958074621f294db2214fb9c has access to farm 6958075f21f294db2214fba0","service":"animal-management","timestamp":"2026-01-02T19:05:01.815Z"}
{"level":"info","message":"=== GETTING FARM USERS for farm: 6958075f21f294db2214fba0 ===","service":"animal-management","timestamp":"2026-01-02T19:05:01.816Z"}
{"level":"info","message":"Checking access for user 6958074621f294db2214fb9c to farm 6958075f21f294db2214fba0","service":"animal-management","timestamp":"2026-01-02T19:05:11.816Z"}
{"level":"info","message":"User 6958074621f294db2214fb9c has access to farm 6958075f21f294db2214fba0","service":"animal-management","timestamp":"2026-01-02T19:05:11.818Z"}
{"level":"info","message":"=== GETTING FARM USERS for farm: 6958075f21f294db2214fba0 ===","service":"animal-management","timestamp":"2026-01-02T19:05:11.818Z"}
{"level":"info","message":"Checking access for user 6958074621f294db2214fb9c to farm 6958075f21f294db2214fba0","service":"animal-management","timestamp":"2026-01-02T19:05:20.484Z"}
{"level":"info","message":"User 6958074621f294db2214fb9c has access to farm 6958075f21f294db2214fba0","service":"animal-management","timestamp":"2026-01-02T19:05:20.489Z"}
{"level":"info","message":"=== GETTING FARM USERS for farm: 6958075f21f294db2214fba0 ===","service":"animal-management","timestamp":"2026-01-02T19:05:20.489Z"}
{"level":"info","message":"Checking access for user 6958074621f294db2214fb9c to farm 6958075f21f294db2214fba0","service":"animal-management","timestamp":"2026-01-02T19:06:01.867Z"}
{"level":"info","message":"User 6958074621f294db2214fb9c has access to farm 6958075f21f294db2214fba0","service":"animal-management","timestamp":"2026-01-02T19:06:01.872Z"}
{"level":"info","message":"Checking access for user 6958074621f294db2214fb9c to farm 6958075f21f294db2214fba0","service":"animal-management","timestamp":"2026-01-02T19:06:41.142Z"}
{"level":"info","message":"User 6958074621f294db2214fb9c has access to farm 6958075f21f294db2214fba0","service":"animal-management","timestamp":"2026-01-02T19:06:41.144Z"}
{"level":"info","message":"Checking access for user 6958074621f294db2214fb9c to farm 6958075f21f294db2214fba0","service":"animal-management","timestamp":"2026-01-02T19:06:50.378Z"}
{"level":"info","message":"User 6958074621f294db2214fb9c has access to farm 6958075f21f294db2214fba0","service":"animal-management","timestamp":"2026-01-02T19:06:50.381Z"}
{"level":"info","message":"Checking access for user 6958074621f294db2214fb9c to farm 6958075f21f294db2214fba0","service":"animal-management","timestamp":"2026-01-02T19:07:05.394Z"}
{"level":"info","message":"User 6958074621f294db2214fb9c has access to farm 6958075f21f294db2214fba0","service":"animal-management","timestamp":"2026-01-02T19:07:05.396Z"}
{"level":"info","message":"Checking access for user 6958074621f294db2214fb9c to farm 6958075f21f294db2214fba0","service":"animal-management","timestamp":"2026-01-02T19:07:18.816Z"}
{"level":"info","message":"User 6958074621f294db2214fb9c has access to farm 6958075f21f294db2214fba0","service":"animal-management","timestamp":"2026-01-02T19:07:18.820Z"}
{"level":"info","message":"Checking access for user 6958074621f294db2214fb9c to farm 6958075f21f294db2214fba0","service":"animal-management","timestamp":"2026-01-02T19:09:04.801Z"}
{"level":"info","message":"User 6958074621f294db2214fb9c has access to farm 6958075f21f294db2214fba0","service":"animal-management","timestamp":"2026-01-02T19:09:04.805Z"}
{"level":"info","message":"Checking access for user 6958074621f294db2214fb9c to farm 6958075f21f294db2214fba0","service":"animal-management","timestamp":"2026-01-02T19:09:09.913Z"}
{"level":"info","message":"User 6958074621f294db2214fb9c has access to farm 6958075f21f294db2214fba0","service":"animal-management","timestamp":"2026-01-02T19:09:09.915Z"}
{"level":"info","message":"Checking access for user 6958074621f294db2214fb9c to farm 6958075f21f294db2214fba0","service":"animal-management","timestamp":"2026-01-02T19:09:13.278Z"}
{"level":"info","message":"User 6958074621f294db2214fb9c has access to farm 6958075f21f294db2214fba0","service":"animal-management","timestamp":"2026-01-02T19:09:13.280Z"}
{"level":"info","message":"Checking access for user 6958074621f294db2214fb9c to farm 6958075f21f294db2214fba0","service":"animal-management","timestamp":"2026-01-02T19:09:20.623Z"}
{"level":"info","message":"User 6958074621f294db2214fb9c has access to farm 6958075f21f294db2214fba0","service":"animal-management","timestamp":"2026-01-02T19:09:20.625Z"}
{"level":"info","message":"Checking access for user 6958074621f294db2214fb9c to farm 6958075f21f294db2214fba0","service":"animal-management","timestamp":"2026-01-02T19:09:44.039Z"}
{"level":"info","message":"User 6958074621f294db2214fb9c has access to farm 6958075f21f294db2214fba0","service":"animal-management","timestamp":"2026-01-02T19:09:44.041Z"}
{"level":"info","message":"Checking access for user 6958074621f294db2214fb9c to farm 6958075f21f294db2214fba0","service":"animal-management","timestamp":"2026-01-02T19:13:07.485Z"}
{"level":"info","message":"User 6958074621f294db2214fb9c has access to farm 6958075f21f294db2214fba0","service":"animal-management","timestamp":"2026-01-02T19:13:07.499Z"}
{"level":"info","message":"Checking access for user 6958074621f294db2214fb9c to farm 6958075f21f294db2214fba0","service":"animal-management","timestamp":"2026-01-02T19:13:28.593Z"}
{"level":"info","message":"User 6958074621f294db2214fb9c has access to farm 6958075f21f294db2214fba0","service":"animal-management","timestamp":"2026-01-02T19:13:28.597Z"}
{"level":"info","message":"Checking access for user 6958074621f294db2214fb9c to farm 6958075f21f294db2214fba0","service":"animal-management","timestamp":"2026-01-02T19:13:33.753Z"}
{"level":"info","message":"User 6958074621f294db2214fb9c has access to farm 6958075f21f294db2214fba0","service":"animal-management","timestamp":"2026-01-02T19:13:33.756Z"}
{"level":"info","message":"Checking access for user 6958074621f294db2214fb9c to farm 6958075f21f294db2214fba0","service":"animal-management","timestamp":"2026-01-02T19:17:20.826Z"}
{"level":"info","message":"User 6958074621f294db2214fb9c has access to farm 6958075f21f294db2214fba0","service":"animal-management","timestamp":"2026-01-02T19:17:20.841Z"}
{"level":"info","message":"=== GETTING FARM USERS for farm: 6958075f21f294db2214fba0 ===","service":"animal-management","timestamp":"2026-01-02T19:17:20.842Z"}
{"level":"info","message":"Checking access for user 6958074621f294db2214fb9c to farm 6958075f21f294db2214fba0","service":"animal-management","timestamp":"2026-01-02T19:17:30.811Z"}
{"level":"info","message":"User 6958074621f294db2214fb9c has access to farm 6958075f21f294db2214fba0","service":"animal-management","timestamp":"2026-01-02T19:17:30.814Z"}
{"level":"info","message":"=== GETTING FARM USERS for farm: 6958075f21f294db2214fba0 ===","service":"animal-management","timestamp":"2026-01-02T19:17:30.815Z"}
{"level":"info","message":"Checking access for user 6958074621f294db2214fb9c to farm 6958075f21f294db2214fba0","service":"animal-management","timestamp":"2026-01-02T19:18:19.672Z"}
{"level":"info","message":"User 6958074621f294db2214fb9c has access to farm 6958075f21f294db2214fba0","service":"animal-management","timestamp":"2026-01-02T19:18:19.676Z"}
{"level":"info","message":"Checking access for user 6958074621f294db2214fb9c to farm 6958075f21f294db2214fba0","service":"animal-management","timestamp":"2026-01-02T19:18:28.746Z"}
{"level":"info","message":"User 6958074621f294db2214fb9c has access to farm 6958075f21f294db2214fba0","service":"animal-management","timestamp":"2026-01-02T19:18:28.749Z"}
{"level":"info","message":"Checking access for user 6958074621f294db2214fb9c to farm 6958075f21f294db2214fba0","service":"animal-management","timestamp":"2026-01-02T19:19:14.088Z"}
{"level":"info","message":"User 6958074621f294db2214fb9c has access to farm 6958075f21f294db2214fba0","service":"animal-management","timestamp":"2026-01-02T19:19:14.104Z"}
{"level":"info","message":"=== GETTING FARM USERS for farm: 6958075f21f294db2214fba0 ===","service":"animal-management","timestamp":"2026-01-02T19:19:14.105Z"}
{"level":"info","message":"Checking access for user 6958074621f294db2214fb9c to farm 6958075f21f294db2214fba0","service":"animal-management","timestamp":"2026-01-02T19:19:18.842Z"}
{"level":"info","message":"User 6958074621f294db2214fb9c has access to farm 6958075f21f294db2214fba0","service":"animal-management","timestamp":"2026-01-02T19:19:18.844Z"}
{"level":"info","message":"Checking access for user 6958074621f294db2214fb9c to farm 6958075f21f294db2214fba0","service":"animal-management","timestamp":"2026-01-02T19:19:24.251Z"}
{"level":"info","message":"User 6958074621f294db2214fb9c has access to farm 6958075f21f294db2214fba0","service":"animal-management","timestamp":"2026-01-02T19:19:24.254Z"}
{"level":"info","message":"Checking access for user 6958074621f294db2214fb9c to farm 6958075f21f294db2214fba0","service":"animal-management","timestamp":"2026-01-02T19:19:32.187Z"}
{"level":"info","message":"User 6958074621f294db2214fb9c has access to farm 6958075f21f294db2214fba0","service":"animal-management","timestamp":"2026-01-02T19:19:32.190Z"}
{"level":"info","message":"Checking access for user 6958074621f294db2214fb9c to farm 6958075f21f294db2214fba0","service":"animal-management","timestamp":"2026-01-03T10:47:56.198Z"}
{"level":"info","message":"User 6958074621f294db2214fb9c has access to farm 6958075f21f294db2214fba0","service":"animal-management","timestamp":"2026-01-03T10:47:56.354Z"}
{"level":"info","message":"=== GETTING FARM USERS for farm: 6958075f21f294db2214fba0 ===","service":"animal-management","timestamp":"2026-01-03T10:47:56.355Z"}
{"level":"info","message":"Checking access for user 6958074621f294db2214fb9c to farm 6958075f21f294db2214fba0","service":"animal-management","timestamp":"2026-01-03T16:26:29.322Z"}
{"level":"info","message":"User 6958074621f294db2214fb9c has access to farm 6958075f21f294db2214fba0","service":"animal-management","timestamp":"2026-01-03T16:26:29.348Z"}
{"level":"info","message":"Checking access for user 6958074621f294db2214fb9c to farm 6958075f21f294db2214fba0","service":"animal-management","timestamp":"2026-01-03T16:26:34.862Z"}
{"level":"info","message":"User 6958074621f294db2214fb9c has access to farm 6958075f21f294db2214fba0","service":"animal-management","timestamp":"2026-01-03T16:26:34.868Z"}
{"level":"info","message":"Checking access for user 6958074621f294db2214fb9c to farm 6958075f21f294db2214fba0","service":"animal-management","timestamp":"2026-01-03T16:26:38.291Z"}
{"level":"info","message":"User 6958074621f294db2214fb9c has access to farm 6958075f21f294db2214fba0","service":"animal-management","timestamp":"2026-01-03T16:26:38.296Z"}
{"level":"info","message":"Checking access for user 6958074621f294db2214fb9c to farm 6958075f21f294db2214fba0","service":"animal-management","timestamp":"2026-01-03T16:26:41.631Z"}
{"level":"info","message":"User 6958074621f294db2214fb9c has access to farm 6958075f21f294db2214fba0","service":"animal-management","timestamp":"2026-01-03T16:26:41.634Z"}
{"level":"info","message":"Checking access for user 6958074621f294db2214fb9c to farm 6958075f21f294db2214fba0","service":"animal-management","timestamp":"2026-01-03T16:26:50.307Z"}
{"level":"info","message":"User 6958074621f294db2214fb9c has access to farm 6958075f21f294db2214fba0","service":"animal-management","timestamp":"2026-01-03T16:26:50.310Z"}
{"level":"info","message":"Checking access for user 68dfa9d48f09d5a7de736a44 to farm undefined","service":"animal-management","timestamp":"2026-01-03T18:24:51.117Z"}
{"level":"info","message":"Checking access for user 6958074621f294db2214fb9c to farm getAllFarms","service":"animal-management","timestamp":"2026-01-03T18:50:53.764Z"}
{"level":"info","message":"Checking access for user 6958074621f294db2214fb9c to farm getAllFarms","service":"animal-management","timestamp":"2026-01-03T18:51:40.510Z"}
{"level":"info","message":"Checking access for user 6958074621f294db2214fb9c to farm 6958075f21f294db2214fba0","service":"animal-management","timestamp":"2026-01-03T19:01:05.368Z"}
{"level":"info","message":"User 6958074621f294db2214fb9c has access to farm 6958075f21f294db2214fba0","service":"animal-management","timestamp":"2026-01-03T19:01:05.509Z"}
{"level":"info","message":"Checking access for user 6958074621f294db2214fb9c to farm 6958075f21f294db2214fba0","service":"animal-management","timestamp":"2026-01-03T19:01:36.124Z"}
{"level":"info","message":"User 6958074621f294db2214fb9c has access to farm 6958075f21f294db2214fba0","service":"animal-management","timestamp":"2026-01-03T19:01:36.132Z"}
{"level":"info","message":"Checking access for user 6958074621f294db2214fb9c to farm 6958075f21f294db2214fba0","service":"animal-management","timestamp":"2026-01-03T19:01:36.250Z"}
{"level":"info","message":"User 6958074621f294db2214fb9c has access to farm 6958075f21f294db2214fba0","service":"animal-management","timestamp":"2026-01-03T19:01:36.264Z"}
{"level":"info","message":"Checking access for user 6958074621f294db2214fb9c to farm 6958075f21f294db2214fba0","service":"animal-management","timestamp":"2026-01-03T19:02:32.947Z"}
{"level":"info","message":"User 6958074621f294db2214fb9c has access to farm 6958075f21f294db2214fba0","service":"animal-management","timestamp":"2026-01-03T19:02:32.954Z"}
{"level":"info","message":"Checking access for user 6958074621f294db2214fb9c to farm 6958075f21f294db2214fba0","service":"animal-management","timestamp":"2026-01-03T19:02:33.004Z"}
{"level":"info","message":"User 6958074621f294db2214fb9c has access to farm 6958075f21f294db2214fba0","service":"animal-management","timestamp":"2026-01-03T19:02:33.011Z"}
{"level":"info","message":"Checking access for user 6958074621f294db2214fb9c to farm 6958075f21f294db2214fba0","service":"animal-management","timestamp":"2026-01-03T19:06:16.091Z"}
{"level":"info","message":"User 6958074621f294db2214fb9c has access to farm 6958075f21f294db2214fba0","service":"animal-management","timestamp":"2026-01-03T19:06:16.115Z"}
{"level":"info","message":"Checking access for user 6958074621f294db2214fb9c to farm 6958075f21f294db2214fba0","service":"animal-management","timestamp":"2026-01-03T19:06:16.157Z"}
{"level":"info","message":"User 6958074621f294db2214fb9c has access to farm 6958075f21f294db2214fba0","service":"animal-management","timestamp":"2026-01-03T19:06:16.161Z"}
{"level":"info","message":"Checking access for user 6958074621f294db2214fb9c to farm 6958075f21f294db2214fba0","service":"animal-management","timestamp":"2026-01-03T19:06:32.586Z"}
{"level":"info","message":"User 6958074621f294db2214fb9c has access to farm 6958075f21f294db2214fba0","service":"animal-management","timestamp":"2026-01-03T19:06:32.596Z"}
{"level":"info","message":"Checking access for user 6958074621f294db2214fb9c to farm 6958075f21f294db2214fba0","service":"animal-management","timestamp":"2026-01-03T19:06:34.645Z"}
{"level":"info","message":"User 6958074621f294db2214fb9c has access to farm 6958075f21f294db2214fba0","service":"animal-management","timestamp":"2026-01-03T19:06:34.650Z"}
{"level":"info","message":"Checking access for user 6958074621f294db2214fb9c to farm 6958075f21f294db2214fba0","service":"animal-management","timestamp":"2026-01-04T18:29:22.097Z"}
{"level":"info","message":"User 6958074621f294db2214fb9c has access to farm 6958075f21f294db2214fba0","service":"animal-management","timestamp":"2026-01-04T18:29:22.115Z"}
{"level":"info","message":"Checking access for user 6958074621f294db2214fb9c to farm 6958075f21f294db2214fba0","service":"animal-management","timestamp":"2026-01-04T18:29:22.146Z"}
{"level":"info","message":"User 6958074621f294db2214fb9c has access to farm 6958075f21f294db2214fba0","service":"animal-management","timestamp":"2026-01-04T18:29:22.149Z"}
{"level":"info","message":"Checking access for user 6958074621f294db2214fb9c to farm 6958075f21f294db2214fba0","service":"animal-management","timestamp":"2026-01-04T18:34:52.260Z"}
{"level":"info","message":"User 6958074621f294db2214fb9c has access to farm 6958075f21f294db2214fba0","service":"animal-management","timestamp":"2026-01-04T18:34:52.264Z"}
{"level":"info","message":"Checking access for user 6958074621f294db2214fb9c to farm 6958075f21f294db2214fba0","service":"animal-management","timestamp":"2026-01-04T18:34:52.286Z"}
{"level":"info","message":"User 6958074621f294db2214fb9c has access to farm 6958075f21f294db2214fba0","service":"animal-management","timestamp":"2026-01-04T18:34:52.288Z"}
{"level":"info","message":"Checking access for user 6958074621f294db2214fb9c to farm 6958075f21f294db2214fba0","service":"animal-management","timestamp":"2026-01-04T18:36:07.090Z"}
{"level":"info","message":"User 6958074621f294db2214fb9c has access to farm 6958075f21f294db2214fba0","service":"animal-management","timestamp":"2026-01-04T18:36:07.096Z"}
{"level":"info","message":"Checking access for user 6958074621f294db2214fb9c to farm 6958075f21f294db2214fba0","service":"animal-management","timestamp":"2026-01-04T18:36:07.113Z"}
{"level":"info","message":"User 6958074621f294db2214fb9c has access to farm 6958075f21f294db2214fba0","service":"animal-management","timestamp":"2026-01-04T18:36:07.116Z"}
{"level":"info","message":"Checking access for user 6958074621f294db2214fb9c to farm 6958075f21f294db2214fba0","service":"animal-management","timestamp":"2026-01-04T18:56:27.526Z"}
{"level":"info","message":"User 6958074621f294db2214fb9c has access to farm 6958075f21f294db2214fba0","service":"animal-management","timestamp":"2026-01-04T18:56:27.562Z"}
{"level":"info","message":"Checking access for user 6958074621f294db2214fb9c to farm 6958075f21f294db2214fba0","service":"animal-management","timestamp":"2026-01-04T18:57:29.885Z"}
{"level":"info","message":"User 6958074621f294db2214fb9c has access to farm 6958075f21f294db2214fba0","service":"animal-management","timestamp":"2026-01-04T18:57:29.888Z"}
{"level":"info","message":"Checking access for user 6958074621f294db2214fb9c to farm 6958075f21f294db2214fba0","service":"animal-management","timestamp":"2026-01-04T18:57:36.954Z"}
{"level":"info","message":"User 6958074621f294db2214fb9c has access to farm 6958075f21f294db2214fba0","service":"animal-management","timestamp":"2026-01-04T18:57:36.960Z"}
{"level":"info","message":"Checking access for user 6958074621f294db2214fb9c to farm 6958075f21f294db2214fba0","service":"animal-management","timestamp":"2026-01-04T18:57:55.156Z"}
{"level":"info","message":"User 6958074621f294db2214fb9c has access to farm 6958075f21f294db2214fba0","service":"animal-management","timestamp":"2026-01-04T18:57:55.158Z"}
{"level":"info","message":"Checking access for user 6958074621f294db2214fb9c to farm 6958075f21f294db2214fba0","service":"animal-management","timestamp":"2026-01-04T18:58:07.559Z"}
{"level":"info","message":"User 6958074621f294db2214fb9c has access to farm 6958075f21f294db2214fba0","service":"animal-management","timestamp":"2026-01-04T18:58:07.562Z"}
{"level":"info","message":"Checking access for user 6958074621f294db2214fb9c to farm 6958075f21f294db2214fba0","service":"animal-management","timestamp":"2026-01-04T18:58:10.237Z"}
{"level":"info","message":"User 6958074621f294db2214fb9c has access to farm 6958075f21f294db2214fba0","service":"animal-management","timestamp":"2026-01-04T18:58:10.239Z"}
{"level":"info","message":"Checking access for user 6958074621f294db2214fb9c to farm 6958075f21f294db2214fba0","service":"animal-management","timestamp":"2026-01-04T18:58:14.400Z"}
{"level":"info","message":"User 6958074621f294db2214fb9c has access to farm 6958075f21f294db2214fba0","service":"animal-management","timestamp":"2026-01-04T18:58:14.402Z"}
{"level":"info","message":"Checking access for user 6958074621f294db2214fb9c to farm 6958075f21f294db2214fba0","service":"animal-management","timestamp":"2026-01-04T18:58:35.864Z"}
{"level":"info","message":"User 6958074621f294db2214fb9c has access to farm 6958075f21f294db2214fba0","service":"animal-management","timestamp":"2026-01-04T18:58:35.866Z"}
{"level":"info","message":"Checking access for user 6958074621f294db2214fb9c to farm 6958075f21f294db2214fba0","service":"animal-management","timestamp":"2026-01-04T18:59:25.836Z"}
{"level":"info","message":"User 6958074621f294db2214fb9c has access to farm 6958075f21f294db2214fba0","service":"animal-management","timestamp":"2026-01-04T18:59:25.840Z"}
{"level":"info","message":"Checking access for user 6958074621f294db2214fb9c to farm 6958075f21f294db2214fba0","service":"animal-management","timestamp":"2026-01-04T18:59:44.294Z"}
{"level":"info","message":"User 6958074621f294db2214fb9c has access to farm 6958075f21f294db2214fba0","service":"animal-management","timestamp":"2026-01-04T18:59:44.297Z"}
{"level":"info","message":"Checking access for user 6958074621f294db2214fb9c to farm 6958075f21f294db2214fba0","service":"animal-management","timestamp":"2026-01-04T18:59:44.320Z"}
{"level":"info","message":"User 6958074621f294db2214fb9c has access to farm 6958075f21f294db2214fba0","service":"animal-management","timestamp":"2026-01-04T18:59:44.323Z"}
{"level":"info","message":"Checking access for user 6958074621f294db2214fb9c to farm 6958075f21f294db2214fba0","service":"animal-management","timestamp":"2026-01-05T16:10:51.872Z"}
{"level":"info","message":"User 6958074621f294db2214fb9c has access to farm 6958075f21f294db2214fba0","service":"animal-management","timestamp":"2026-01-05T16:10:51.903Z"}
{"level":"info","message":"Checking access for user 6958074621f294db2214fb9c to farm 6958075f21f294db2214fba0","service":"animal-management","timestamp":"2026-01-05T16:10:51.965Z"}
{"level":"info","message":"User 6958074621f294db2214fb9c has access to farm 6958075f21f294db2214fba0","service":"animal-management","timestamp":"2026-01-05T16:10:51.969Z"}
{"level":"info","message":"Checking access for user 6958074621f294db2214fb9c to farm 6958075f21f294db2214fba0","service":"animal-management","timestamp":"2026-01-05T16:10:56.009Z"}
{"level":"info","message":"User 6958074621f294db2214fb9c has access to farm 6958075f21f294db2214fba0","service":"animal-management","timestamp":"2026-01-05T16:10:56.016Z"}
{"level":"info","message":"Checking access for user 6958074621f294db2214fb9c to farm 6958075f21f294db2214fba0","service":"animal-management","timestamp":"2026-01-05T16:41:25.008Z"}
{"level":"info","message":"User 6958074621f294db2214fb9c has access to farm 6958075f21f294db2214fba0","service":"animal-management","timestamp":"2026-01-05T16:41:25.030Z"}
{"level":"info","message":"Checking access for user 6958074621f294db2214fb9c to farm 6958075f21f294db2214fba0","service":"animal-management","timestamp":"2026-01-05T16:41:25.115Z"}
{"level":"info","message":"User 6958074621f294db2214fb9c has access to farm 6958075f21f294db2214fba0","service":"animal-management","timestamp":"2026-01-05T16:41:25.121Z"}
{"level":"info","message":"Checking access for user 6958074621f294db2214fb9c to farm 6958075f21f294db2214fba0","service":"animal-management","timestamp":"2026-01-05T16:41:26.467Z"}
{"level":"info","message":"User 6958074621f294db2214fb9c has access to farm 6958075f21f294db2214fba0","service":"animal-management","timestamp":"2026-01-05T16:41:26.473Z"}
{"level":"info","message":"Checking access for user 6958074621f294db2214fb9c to farm 6958075f21f294db2214fba0","service":"animal-management","timestamp":"2026-01-05T16:46:29.241Z"}
{"level":"info","message":"User 6958074621f294db2214fb9c has access to farm 6958075f21f294db2214fba0","service":"animal-management","timestamp":"2026-01-05T16:46:29.347Z"}
{"level":"info","message":"Checking access for user 6958074621f294db2214fb9c to farm 6958075f21f294db2214fba0","service":"animal-management","timestamp":"2026-01-05T16:46:29.403Z"}
{"level":"info","message":"User 6958074621f294db2214fb9c has access to farm 6958075f21f294db2214fba0","service":"animal-management","timestamp":"2026-01-05T16:46:29.409Z"}
{"level":"info","message":"Checking access for user 6958074621f294db2214fb9c to farm 6958075f21f294db2214fba0","service":"animal-management","timestamp":"2026-01-05T16:46:30.686Z"}
{"level":"info","message":"User 6958074621f294db2214fb9c has access to farm 6958075f21f294db2214fba0","service":"animal-management","timestamp":"2026-01-05T16:46:30.690Z"}
{"level":"info","message":"Checking access for user 6958074621f294db2214fb9c to farm 6958075f21f294db2214fba0","service":"animal-management","timestamp":"2026-01-05T16:49:01.558Z"}
{"level":"info","message":"User 6958074621f294db2214fb9c has access to farm 6958075f21f294db2214fba0","service":"animal-management","timestamp":"2026-01-05T16:49:01.562Z"}
{"level":"info","message":"Checking access for user 6958074621f294db2214fb9c to farm farm1","service":"animal-management","timestamp":"2026-01-05T16:49:12.945Z"}
{"level":"info","message":"Checking access for user 6958074621f294db2214fb9c to farm 6958075f21f294db2214fba0","service":"animal-management","timestamp":"2026-01-05T16:49:25.456Z"}
{"level":"info","message":"User 6958074621f294db2214fb9c has access to farm 6958075f21f294db2214fba0","service":"animal-management","timestamp":"2026-01-05T16:49:25.460Z"}
{"level":"info","message":"Checking access for user 6958074621f294db2214fb9c to farm 6958075f21f294db2214fba0","service":"animal-management","timestamp":"2026-01-05T16:49:25.536Z"}
{"level":"info","message":"User 6958074621f294db2214fb9c has access to farm 6958075f21f294db2214fba0","service":"animal-management","timestamp":"2026-01-05T16:49:25.540Z"}
{"level":"info","message":"Checking access for user 6958074621f294db2214fb9c to farm 6958075f21f294db2214fba0","service":"animal-management","timestamp":"2026-01-05T16:49:27.903Z"}
{"level":"info","message":"User 6958074621f294db2214fb9c has access to farm 6958075f21f294db2214fba0","service":"animal-management","timestamp":"2026-01-05T16:49:27.909Z"}
{"level":"info","message":"Checking access for user 6958074621f294db2214fb9c to farm 6958075f21f294db2214fba0","service":"animal-management","timestamp":"2026-01-07T17:01:34.320Z"}
{"level":"info","message":"User 6958074621f294db2214fb9c has access to farm 6958075f21f294db2214fba0","service":"animal-management","timestamp":"2026-01-07T17:01:34.338Z"}
{"level":"info","message":"Checking access for user 6958074621f294db2214fb9c to farm 6958075f21f294db2214fba0","service":"animal-management","timestamp":"2026-01-07T17:01:34.365Z"}
{"level":"info","message":"User 6958074621f294db2214fb9c has access to farm 6958075f21f294db2214fba0","service":"animal-management","timestamp":"2026-01-07T17:01:34.368Z"}
{"level":"info","message":"Checking access for user 6958074621f294db2214fb9c to farm 6958075f21f294db2214fba0","service":"animal-management","timestamp":"2026-01-07T17:02:06.752Z"}
{"level":"info","message":"User 6958074621f294db2214fb9c has access to farm 6958075f21f294db2214fba0","service":"animal-management","timestamp":"2026-01-07T17:02:06.756Z"}
{"level":"info","message":"Checking access for user 6958074621f294db2214fb9c to farm 6958075f21f294db2214fba0","service":"animal-management","timestamp":"2026-01-07T17:02:12.443Z"}
{"level":"info","message":"User 6958074621f294db2214fb9c has access to farm 6958075f21f294db2214fba0","service":"animal-management","timestamp":"2026-01-07T17:02:12.446Z"}
{"level":"info","message":"Checking access for user 6958074621f294db2214fb9c to farm 6958075f21f294db2214fba0","service":"animal-management","timestamp":"2026-01-07T17:02:20.829Z"}
{"level":"info","message":"User 6958074621f294db2214fb9c has access to farm 6958075f21f294db2214fba0","service":"animal-management","timestamp":"2026-01-07T17:02:20.832Z"}
{"level":"info","message":"Checking access for user 6958074621f294db2214fb9c to farm 6958075f21f294db2214fba0","service":"animal-management","timestamp":"2026-01-07T17:02:32.798Z"}
{"level":"info","message":"User 6958074621f294db2214fb9c has access to farm 6958075f21f294db2214fba0","service":"animal-management","timestamp":"2026-01-07T17:02:32.801Z"}
{"level":"info","message":"Checking access for user 6958074621f294db2214fb9c to farm 6958075f21f294db2214fba0","service":"animal-management","timestamp":"2026-01-07T17:03:33.805Z"}
{"level":"info","message":"User 6958074621f294db2214fb9c has access to farm 6958075f21f294db2214fba0","service":"animal-management","timestamp":"2026-01-07T17:03:33.809Z"}
{"level":"info","message":"Checking access for user 6958074621f294db2214fb9c to farm 6958075f21f294db2214fba0","service":"animal-management","timestamp":"2026-01-10T18:51:13.610Z"}
{"level":"info","message":"User 6958074621f294db2214fb9c has access to farm 6958075f21f294db2214fba0","service":"animal-management","timestamp":"2026-01-10T18:51:13.624Z"}
{"level":"info","message":"Checking access for user 6958074621f294db2214fb9c to farm 6958075f21f294db2214fba0","service":"animal-management","timestamp":"2026-01-10T18:51:13.658Z"}
{"level":"info","message":"User 6958074621f294db2214fb9c has access to farm 6958075f21f294db2214fba0","service":"animal-management","timestamp":"2026-01-10T18:51:13.661Z"}
{"level":"info","message":"Checking access for user 6958074621f294db2214fb9c to farm 6958075f21f294db2214fba0","service":"animal-management","timestamp":"2026-01-10T18:51:31.118Z"}
{"level":"info","message":"User 6958074621f294db2214fb9c has access to farm 6958075f21f294db2214fba0","service":"animal-management","timestamp":"2026-01-10T18:51:31.121Z"}
{"level":"info","message":"Checking access for user 6958074621f294db2214fb9c to farm farm1","service":"animal-management","timestamp":"2026-01-10T19:08:36.717Z"}
{"level":"info","message":"Checking access for user 6958074621f294db2214fb9c to farm 6958075f21f294db2214fba0","service":"animal-management","timestamp":"2026-01-10T19:08:44.768Z"}
{"level":"info","message":"User 6958074621f294db2214fb9c has access to farm 6958075f21f294db2214fba0","service":"animal-management","timestamp":"2026-01-10T19:08:44.783Z"}
{"level":"info","message":"Checking access for user 6958074621f294db2214fb9c to farm 6958075f21f294db2214fba0","service":"animal-management","timestamp":"2026-01-10T19:08:44.817Z"}
{"level":"info","message":"User 6958074621f294db2214fb9c has access to farm 6958075f21f294db2214fba0","service":"animal-management","timestamp":"2026-01-10T19:08:44.820Z"}
{"level":"info","message":"Checking access for user 6958074621f294db2214fb9c to farm 6958075f21f294db2214fba0","service":"animal-management","timestamp":"2026-01-10T19:08:46.635Z"}
{"level":"info","message":"User 6958074621f294db2214fb9c has access to farm 6958075f21f294db2214fba0","service":"animal-management","timestamp":"2026-01-10T19:08:46.638Z"}
{"level":"info","message":"Checking access for user 6958074621f294db2214fb9c to farm 6958075f21f294db2214fba0","service":"animal-management","timestamp":"2026-01-10T19:09:27.528Z"}
{"level":"info","message":"User 6958074621f294db2214fb9c has access to farm 6958075f21f294db2214fba0","service":"animal-management","timestamp":"2026-01-10T19:09:27.530Z"}
{"level":"info","message":"Checking access for user 6958074621f294db2214fb9c to farm 6958075f21f294db2214fba0","service":"animal-management","timestamp":"2026-01-10T19:10:34.507Z"}
{"level":"info","message":"User 6958074621f294db2214fb9c has access to farm 6958075f21f294db2214fba0","service":"animal-management","timestamp":"2026-01-10T19:10:34.509Z"}
{"level":"info","message":"Checking access for user 6958074621f294db2214fb9c to farm 6958075f21f294db2214fba0","service":"animal-management","timestamp":"2026-01-10T19:11:01.493Z"}
{"level":"info","message":"User 6958074621f294db2214fb9c has access to farm 6958075f21f294db2214fba0","service":"animal-management","timestamp":"2026-01-10T19:11:01.495Z"}
{"level":"info","message":"Checking access for user 6958074621f294db2214fb9c to farm 6958075f21f294db2214fba0","service":"animal-management","timestamp":"2026-01-10T19:11:29.496Z"}
{"level":"info","message":"User 6958074621f294db2214fb9c has access to farm 6958075f21f294db2214fba0","service":"animal-management","timestamp":"2026-01-10T19:11:29.498Z"}
{"level":"info","message":"Checking access for user 6958074621f294db2214fb9c to farm 6958075f21f294db2214fba0","service":"animal-management","timestamp":"2026-01-10T19:11:31.495Z"}
{"level":"info","message":"User 6958074621f294db2214fb9c has access to farm 6958075f21f294db2214fba0","service":"animal-management","timestamp":"2026-01-10T19:11:31.497Z"}
{"level":"info","message":"Checking access for user 6958074621f294db2214fb9c to farm 6958075f21f294db2214fba0","service":"animal-management","timestamp":"2026-01-10T19:11:38.501Z"}
{"level":"info","message":"User 6958074621f294db2214fb9c has access to farm 6958075f21f294db2214fba0","service":"animal-management","timestamp":"2026-01-10T19:11:38.503Z"}
{"level":"info","message":"Checking access for user 6958074621f294db2214fb9c to farm 6958075f21f294db2214fba0","service":"animal-management","timestamp":"2026-01-10T19:11:40.495Z"}
{"level":"info","message":"User 6958074621f294db2214fb9c has access to farm 6958075f21f294db2214fba0","service":"animal-management","timestamp":"2026-01-10T19:11:40.497Z"}
{"level":"info","message":"Checking access for user 6958074621f294db2214fb9c to farm 6958075f21f294db2214fba0","service":"animal-management","timestamp":"2026-01-10T19:11:43.490Z"}
{"level":"info","message":"User 6958074621f294db2214fb9c has access to farm 6958075f21f294db2214fba0","service":"animal-management","timestamp":"2026-01-10T19:11:43.492Z"}
{"level":"info","message":"Checking access for user 6958074621f294db2214fb9c to farm 6958075f21f294db2214fba0","service":"animal-management","timestamp":"2026-01-10T19:12:03.500Z"}
{"level":"info","message":"User 6958074621f294db2214fb9c has access to farm 6958075f21f294db2214fba0","service":"animal-management","timestamp":"2026-01-10T19:12:03.502Z"}
{"level":"info","message":"Checking access for user 6958074621f294db2214fb9c to farm 6958075f21f294db2214fba0","service":"animal-management","timestamp":"2026-01-10T19:12:08.485Z"}
{"level":"info","message":"User 6958074621f294db2214fb9c has access to farm 6958075f21f294db2214fba0","service":"animal-management","timestamp":"2026-01-10T19:12:08.488Z"}
{"level":"info","message":"Checking access for user 6958074621f294db2214fb9c to farm 6958075f21f294db2214fba0","service":"animal-management","timestamp":"2026-01-10T19:12:58.505Z"}
{"level":"info","message":"User 6958074621f294db2214fb9c has access to farm 6958075f21f294db2214fba0","service":"animal-management","timestamp":"2026-01-10T19:12:58.509Z"}
{"level":"info","message":"Checking access for user 6958074621f294db2214fb9c to farm 6958075f21f294db2214fba0","service":"animal-management","timestamp":"2026-01-10T19:13:18.500Z"}
{"level":"info","message":"User 6958074621f294db2214fb9c has access to farm 6958075f21f294db2214fba0","service":"animal-management","timestamp":"2026-01-10T19:13:18.502Z"}
{"level":"info","message":"Checking access for user 6958074621f294db2214fb9c to farm 6958075f21f294db2214fba0","service":"animal-management","timestamp":"2026-01-10T19:14:40.773Z"}
{"level":"info","message":"User 6958074621f294db2214fb9c has access to farm 6958075f21f294db2214fba0","service":"animal-management","timestamp":"2026-01-10T19:14:40.776Z"}
{"level":"info","message":"Checking access for user 6958074621f294db2214fb9c to farm 6958075f21f294db2214fba0","service":"animal-management","timestamp":"2026-01-10T19:14:40.808Z"}
{"level":"info","message":"User 6958074621f294db2214fb9c has access to farm 6958075f21f294db2214fba0","service":"animal-management","timestamp":"2026-01-10T19:14:40.812Z"}
{"level":"info","message":"Checking access for user 6958074621f294db2214fb9c to farm 6958075f21f294db2214fba0","service":"animal-management","timestamp":"2026-01-10T19:14:43.759Z"}
{"level":"info","message":"User 6958074621f294db2214fb9c has access to farm 6958075f21f294db2214fba0","service":"animal-management","timestamp":"2026-01-10T19:14:43.762Z"}
{"level":"info","message":"Checking access for user 6958074621f294db2214fb9c to farm 6958075f21f294db2214fba0","service":"animal-management","timestamp":"2026-01-10T19:18:06.394Z"}
{"level":"info","message":"Checking access for user 6958074621f294db2214fb9c to farm 6958075f21f294db2214fba0","service":"animal-management","timestamp":"2026-01-10T19:18:06.399Z"}
{"level":"info","message":"User 6958074621f294db2214fb9c has access to farm 6958075f21f294db2214fba0","service":"animal-management","timestamp":"2026-01-10T19:18:06.403Z"}
{"level":"info","message":"User 6958074621f294db2214fb9c has access to farm 6958075f21f294db2214fba0","service":"animal-management","timestamp":"2026-01-10T19:18:06.407Z"}
{"level":"info","message":"Checking access for user 6958074621f294db2214fb9c to farm 6958075f21f294db2214fba0","service":"animal-management","timestamp":"2026-01-10T19:18:09.675Z"}
{"level":"info","message":"User 6958074621f294db2214fb9c has access to farm 6958075f21f294db2214fba0","service":"animal-management","timestamp":"2026-01-10T19:18:09.680Z"}
{"level":"info","message":"Checking access for user 6958074621f294db2214fb9c to farm 6958075f21f294db2214fba0","service":"animal-management","timestamp":"2026-01-10T19:18:09.687Z"}
{"level":"info","message":"User 6958074621f294db2214fb9c has access to farm 6958075f21f294db2214fba0","service":"animal-management","timestamp":"2026-01-10T19:18:09.694Z"}
{"level":"info","message":"Checking access for user 6958074621f294db2214fb9c to farm 6958075f21f294db2214fba0","service":"animal-management","timestamp":"2026-01-10T19:19:56.506Z"}
{"level":"info","message":"Checking access for user 6958074621f294db2214fb9c to farm 6958075f21f294db2214fba0","service":"animal-management","timestamp":"2026-01-10T19:19:56.508Z"}
{"level":"info","message":"User 6958074621f294db2214fb9c has access to farm 6958075f21f294db2214fba0","service":"animal-management","timestamp":"2026-01-10T19:19:56.509Z"}
{"level":"info","message":"User 6958074621f294db2214fb9c has access to farm 6958075f21f294db2214fba0","service":"animal-management","timestamp":"2026-01-10T19:19:56.511Z"}
{"level":"info","message":"Checking access for user 6958074621f294db2214fb9c to farm 6958075f21f294db2214fba0","service":"animal-management","timestamp":"2026-01-10T19:20:09.190Z"}
{"level":"info","message":"Checking access for user 6958074621f294db2214fb9c to farm 6958075f21f294db2214fba0","service":"animal-management","timestamp":"2026-01-10T19:20:09.197Z"}
{"level":"info","message":"User 6958074621f294db2214fb9c has access to farm 6958075f21f294db2214fba0","service":"animal-management","timestamp":"2026-01-10T19:20:09.203Z"}
{"level":"info","message":"User 6958074621f294db2214fb9c has access to farm 6958075f21f294db2214fba0","service":"animal-management","timestamp":"2026-01-10T19:20:09.211Z"}
{"level":"info","message":"Checking access for user 6958074621f294db2214fb9c to farm 6958075f21f294db2214fba0","service":"animal-management","timestamp":"2026-01-10T19:20:09.875Z"}
{"level":"info","message":"User 6958074621f294db2214fb9c has access to farm 6958075f21f294db2214fba0","service":"animal-management","timestamp":"2026-01-10T19:20:09.877Z"}
{"level":"info","message":"Checking access for user 6958074621f294db2214fb9c to farm 6958075f21f294db2214fba0","service":"animal-management","timestamp":"2026-01-10T19:20:09.882Z"}
{"level":"info","message":"User 6958074621f294db2214fb9c has access to farm 6958075f21f294db2214fba0","service":"animal-management","timestamp":"2026-01-10T19:20:09.885Z"}
{"level":"info","message":"Checking access for user 6958074621f294db2214fb9c to farm 6958075f21f294db2214fba0","service":"animal-management","timestamp":"2026-01-10T19:20:18.874Z"}
{"level":"info","message":"Checking access for user 6958074621f294db2214fb9c to farm 6958075f21f294db2214fba0","service":"animal-management","timestamp":"2026-01-10T19:20:18.877Z"}
{"level":"info","message":"User 6958074621f294db2214fb9c has access to farm 6958075f21f294db2214fba0","service":"animal-management","timestamp":"2026-01-10T19:20:18.880Z"}
{"level":"info","message":"User 6958074621f294db2214fb9c has access to farm 6958075f21f294db2214fba0","service":"animal-management","timestamp":"2026-01-10T19:20:18.883Z"}
{"level":"info","message":"Checking access for user 6958074621f294db2214fb9c to farm 6958075f21f294db2214fba0","service":"animal-management","timestamp":"2026-01-10T19:21:22.499Z"}
{"level":"info","message":"Checking access for user 6958074621f294db2214fb9c to farm 6958075f21f294db2214fba0","service":"animal-management","timestamp":"2026-01-10T19:21:22.501Z"}
{"level":"info","message":"User 6958074621f294db2214fb9c has access to farm 6958075f21f294db2214fba0","service":"animal-management","timestamp":"2026-01-10T19:21:22.502Z"}
{"level":"info","message":"User 6958074621f294db2214fb9c has access to farm 6958075f21f294db2214fba0","service":"animal-management","timestamp":"2026-01-10T19:21:22.503Z"}
{"level":"info","message":"Checking access for user 6958074621f294db2214fb9c to farm 6958075f21f294db2214fba0","service":"animal-management","timestamp":"2026-01-10T19:21:25.491Z"}
{"level":"info","message":"Checking access for user 6958074621f294db2214fb9c to farm 6958075f21f294db2214fba0","service":"animal-management","timestamp":"2026-01-10T19:21:25.494Z"}
{"level":"info","message":"User 6958074621f294db2214fb9c has access to farm 6958075f21f294db2214fba0","service":"animal-management","timestamp":"2026-01-10T19:21:25.496Z"}
{"level":"info","message":"User 6958074621f294db2214fb9c has access to farm 6958075f21f294db2214fba0","service":"animal-management","timestamp":"2026-01-10T19:21:25.497Z"}
{"level":"info","message":"Checking access for user 6958074621f294db2214fb9c to farm 6958075f21f294db2214fba0","service":"animal-management","timestamp":"2026-01-10T19:21:26.493Z"}
{"level":"info","message":"Checking access for user 6958074621f294db2214fb9c to farm 6958075f21f294db2214fba0","service":"animal-management","timestamp":"2026-01-10T19:21:26.495Z"}
{"level":"info","message":"User 6958074621f294db2214fb9c has access to farm 6958075f21f294db2214fba0","service":"animal-management","timestamp":"2026-01-10T19:21:26.497Z"}
{"level":"info","message":"User 6958074621f294db2214fb9c has access to farm 6958075f21f294db2214fba0","service":"animal-management","timestamp":"2026-01-10T19:21:26.499Z"}
{"level":"info","message":"Checking access for user 6958074621f294db2214fb9c to farm 6958075f21f294db2214fba0","service":"animal-management","timestamp":"2026-01-10T19:21:29.501Z"}
{"level":"info","message":"Checking access for user 6958074621f294db2214fb9c to farm 6958075f21f294db2214fba0","service":"animal-management","timestamp":"2026-01-10T19:21:29.503Z"}
{"level":"info","message":"User 6958074621f294db2214fb9c has access to farm 6958075f21f294db2214fba0","service":"animal-management","timestamp":"2026-01-10T19:21:29.505Z"}
{"level":"info","message":"User 6958074621f294db2214fb9c has access to farm 6958075f21f294db2214fba0","service":"animal-management","timestamp":"2026-01-10T19:21:29.506Z"}
{"level":"info","message":"Checking access for user 6958074621f294db2214fb9c to farm 6958075f21f294db2214fba0","service":"animal-management","timestamp":"2026-01-10T19:21:37.493Z"}
{"level":"info","message":"Checking access for user 6958074621f294db2214fb9c to farm 6958075f21f294db2214fba0","service":"animal-management","timestamp":"2026-01-10T19:21:37.496Z"}
{"level":"info","message":"User 6958074621f294db2214fb9c has access to farm 6958075f21f294db2214fba0","service":"animal-management","timestamp":"2026-01-10T19:21:37.498Z"}
{"level":"info","message":"User 6958074621f294db2214fb9c has access to farm 6958075f21f294db2214fba0","service":"animal-management","timestamp":"2026-01-10T19:21:37.500Z"}
{"level":"info","message":"Checking access for user 6958074621f294db2214fb9c to farm 6958075f21f294db2214fba0","service":"animal-management","timestamp":"2026-01-10T19:21:40.501Z"}
{"level":"info","message":"Checking access for user 6958074621f294db2214fb9c to farm 6958075f21f294db2214fba0","service":"animal-management","timestamp":"2026-01-10T19:21:40.503Z"}
{"level":"info","message":"User 6958074621f294db2214fb9c has access to farm 6958075f21f294db2214fba0","service":"animal-management","timestamp":"2026-01-10T19:21:40.505Z"}
{"level":"info","message":"User 6958074621f294db2214fb9c has access to farm 6958075f21f294db2214fba0","service":"animal-management","timestamp":"2026-01-10T19:21:40.506Z"}
{"level":"info","message":"Checking access for user 6958074621f294db2214fb9c to farm 6958075f21f294db2214fba0","service":"animal-management","timestamp":"2026-01-10T19:21:49.502Z"}
{"level":"info","message":"Checking access for user 6958074621f294db2214fb9c to farm 6958075f21f294db2214fba0","service":"animal-management","timestamp":"2026-01-10T19:21:49.504Z"}
{"level":"info","message":"User 6958074621f294db2214fb9c has access to farm 6958075f21f294db2214fba0","service":"animal-management","timestamp":"2026-01-10T19:21:49.505Z"}
{"level":"info","message":"User 6958074621f294db2214fb9c has access to farm 6958075f21f294db2214fba0","service":"animal-management","timestamp":"2026-01-10T19:21:49.506Z"}
{"level":"info","message":"Checking access for user 6958074621f294db2214fb9c to farm 6958075f21f294db2214fba0","service":"animal-management","timestamp":"2026-01-10T19:22:01.506Z"}
{"level":"info","message":"Checking access for user 6958074621f294db2214fb9c to farm 6958075f21f294db2214fba0","service":"animal-management","timestamp":"2026-01-10T19:22:01.508Z"}
{"level":"info","message":"User 6958074621f294db2214fb9c has access to farm 6958075f21f294db2214fba0","service":"animal-management","timestamp":"2026-01-10T19:22:01.510Z"}
{"level":"info","message":"User 6958074621f294db2214fb9c has access to farm 6958075f21f294db2214fba0","service":"animal-management","timestamp":"2026-01-10T19:22:01.512Z"}
{"level":"info","message":"Checking access for user 6958074621f294db2214fb9c to farm 6958075f21f294db2214fba0","service":"animal-management","timestamp":"2026-01-10T19:22:05.513Z"}
{"level":"info","message":"Checking access for user 6958074621f294db2214fb9c to farm 6958075f21f294db2214fba0","service":"animal-management","timestamp":"2026-01-10T19:22:05.515Z"}
{"level":"info","message":"User 6958074621f294db2214fb9c has access to farm 6958075f21f294db2214fba0","service":"animal-management","timestamp":"2026-01-10T19:22:05.516Z"}
{"level":"info","message":"User 6958074621f294db2214fb9c has access to farm 6958075f21f294db2214fba0","service":"animal-management","timestamp":"2026-01-10T19:22:05.518Z"}
{"level":"info","message":"Checking access for user 6958074621f294db2214fb9c to farm 6958075f21f294db2214fba0","service":"animal-management","timestamp":"2026-01-10T19:22:16.494Z"}
{"level":"info","message":"Checking access for user 6958074621f294db2214fb9c to farm 6958075f21f294db2214fba0","service":"animal-management","timestamp":"2026-01-10T19:22:16.495Z"}
{"level":"info","message":"User 6958074621f294db2214fb9c has access to farm 6958075f21f294db2214fba0","service":"animal-management","timestamp":"2026-01-10T19:22:16.497Z"}
{"level":"info","message":"User 6958074621f294db2214fb9c has access to farm 6958075f21f294db2214fba0","service":"animal-management","timestamp":"2026-01-10T19:22:16.498Z"}
{"level":"info","message":"Checking access for user 6958074621f294db2214fb9c to farm 6958075f21f294db2214fba0","service":"animal-management","timestamp":"2026-01-10T19:22:26.239Z"}
{"level":"info","message":"User 6958074621f294db2214fb9c has access to farm 6958075f21f294db2214fba0","service":"animal-management","timestamp":"2026-01-10T19:22:26.242Z"}
{"level":"info","message":"Checking access for user 6958074621f294db2214fb9c to farm 6958075f21f294db2214fba0","service":"animal-management","timestamp":"2026-01-10T19:22:26.276Z"}
{"level":"info","message":"User 6958074621f294db2214fb9c has access to farm 6958075f21f294db2214fba0","service":"animal-management","timestamp":"2026-01-10T19:22:26.279Z"}
{"level":"info","message":"Checking access for user 6958074621f294db2214fb9c to farm 6958075f21f294db2214fba0","service":"animal-management","timestamp":"2026-01-10T19:22:27.943Z"}
{"level":"info","message":"Checking access for user 6958074621f294db2214fb9c to farm 6958075f21f294db2214fba0","service":"animal-management","timestamp":"2026-01-10T19:22:27.947Z"}
{"level":"info","message":"User 6958074621f294db2214fb9c has access to farm 6958075f21f294db2214fba0","service":"animal-management","timestamp":"2026-01-10T19:22:27.960Z"}
{"level":"info","message":"User 6958074621f294db2214fb9c has access to farm 6958075f21f294db2214fba0","service":"animal-management","timestamp":"2026-01-10T19:22:27.964Z"}
{"level":"info","message":"Checking access for user 6958074621f294db2214fb9c to farm 6958075f21f294db2214fba0","service":"animal-management","timestamp":"2026-01-10T19:24:25.503Z"}
{"level":"info","message":"User 6958074621f294db2214fb9c has access to farm 6958075f21f294db2214fba0","service":"animal-management","timestamp":"2026-01-10T19:24:25.505Z"}
{"level":"info","message":"Checking access for user 6958074621f294db2214fb9c to farm 6958075f21f294db2214fba0","service":"animal-management","timestamp":"2026-01-10T19:24:25.513Z"}
{"level":"info","message":"User 6958074621f294db2214fb9c has access to farm 6958075f21f294db2214fba0","service":"animal-management","timestamp":"2026-01-10T19:24:25.515Z"}
{"level":"info","message":"Checking access for user 6958074621f294db2214fb9c to farm 6958075f21f294db2214fba0","service":"animal-management","timestamp":"2026-01-10T19:24:35.500Z"}
{"level":"info","message":"Checking access for user 6958074621f294db2214fb9c to farm 6958075f21f294db2214fba0","service":"animal-management","timestamp":"2026-01-10T19:24:35.502Z"}
{"level":"info","message":"User 6958074621f294db2214fb9c has access to farm 6958075f21f294db2214fba0","service":"animal-management","timestamp":"2026-01-10T19:24:35.503Z"}
{"level":"info","message":"User 6958074621f294db2214fb9c has access to farm 6958075f21f294db2214fba0","service":"animal-management","timestamp":"2026-01-10T19:24:35.504Z"}
{"level":"info","message":"Checking access for user 6958074621f294db2214fb9c to farm 6958075f21f294db2214fba0","service":"animal-management","timestamp":"2026-01-10T19:25:16.505Z"}
{"level":"info","message":"Checking access for user 6958074621f294db2214fb9c to farm 6958075f21f294db2214fba0","service":"animal-management","timestamp":"2026-01-10T19:25:16.507Z"}
{"level":"info","message":"User 6958074621f294db2214fb9c has access to farm 6958075f21f294db2214fba0","service":"animal-management","timestamp":"2026-01-10T19:25:16.508Z"}
{"level":"info","message":"User 6958074621f294db2214fb9c has access to farm 6958075f21f294db2214fba0","service":"animal-management","timestamp":"2026-01-10T19:25:16.510Z"}
{"level":"info","message":"Checking access for user 6958074621f294db2214fb9c to farm 6958075f21f294db2214fba0","service":"animal-management","timestamp":"2026-01-10T19:28:59.496Z"}
{"level":"info","message":"User 6958074621f294db2214fb9c has access to farm 6958075f21f294db2214fba0","service":"animal-management","timestamp":"2026-01-10T19:28:59.499Z"}
{"level":"info","message":"Checking access for user 6958074621f294db2214fb9c to farm 6958075f21f294db2214fba0","service":"animal-management","timestamp":"2026-01-10T19:28:59.505Z"}
{"level":"info","message":"User 6958074621f294db2214fb9c has access to farm 6958075f21f294db2214fba0","service":"animal-management","timestamp":"2026-01-10T19:28:59.507Z"}
{"level":"info","message":"Checking access for user 6958074621f294db2214fb9c to farm 6958075f21f294db2214fba0","service":"animal-management","timestamp":"2026-01-10T19:29:04.505Z"}
{"level":"info","message":"User 6958074621f294db2214fb9c has access to farm 6958075f21f294db2214fba0","service":"animal-management","timestamp":"2026-01-10T19:29:04.507Z"}
{"level":"info","message":"Checking access for user 6958074621f294db2214fb9c to farm 6958075f21f294db2214fba0","service":"animal-management","timestamp":"2026-01-10T19:29:04.514Z"}
{"level":"info","message":"User 6958074621f294db2214fb9c has access to farm 6958075f21f294db2214fba0","service":"animal-management","timestamp":"2026-01-10T19:29:04.517Z"}
{"level":"info","message":"Checking access for user 6958074621f294db2214fb9c to farm 6958075f21f294db2214fba0","service":"animal-management","timestamp":"2026-01-10T19:29:21.756Z"}
{"level":"info","message":"User 6958074621f294db2214fb9c has access to farm 6958075f21f294db2214fba0","service":"animal-management","timestamp":"2026-01-10T19:29:21.763Z"}
{"level":"info","message":"Checking access for user 6958074621f294db2214fb9c to farm 6958075f21f294db2214fba0","service":"animal-management","timestamp":"2026-01-10T19:29:21.790Z"}
{"level":"info","message":"User 6958074621f294db2214fb9c has access to farm 6958075f21f294db2214fba0","service":"animal-management","timestamp":"2026-01-10T19:29:21.793Z"}
{"level":"info","message":"Checking access for user 6958074621f294db2214fb9c to farm 6958075f21f294db2214fba0","service":"animal-management","timestamp":"2026-01-10T19:29:22.954Z"}
{"level":"info","message":"User 6958074621f294db2214fb9c has access to farm 6958075f21f294db2214fba0","service":"animal-management","timestamp":"2026-01-10T19:29:22.957Z"}
{"level":"info","message":"Checking access for user 6958074621f294db2214fb9c to farm 6958075f21f294db2214fba0","service":"animal-management","timestamp":"2026-01-10T19:29:22.971Z"}
{"level":"info","message":"User 6958074621f294db2214fb9c has access to farm 6958075f21f294db2214fba0","service":"animal-management","timestamp":"2026-01-10T19:29:22.974Z"}
{"level":"info","message":"Checking access for user 6958074621f294db2214fb9c to farm 6958075f21f294db2214fba0","service":"animal-management","timestamp":"2026-01-10T19:29:34.288Z"}
{"level":"info","message":"User 6958074621f294db2214fb9c has access to farm 6958075f21f294db2214fba0","service":"animal-management","timestamp":"2026-01-10T19:29:34.291Z"}
{"level":"info","message":"Checking access for user 6958074621f294db2214fb9c to farm 6958075f21f294db2214fba0","service":"animal-management","timestamp":"2026-01-10T19:29:36.319Z"}
{"level":"info","message":"User 6958074621f294db2214fb9c has access to farm 6958075f21f294db2214fba0","service":"animal-management","timestamp":"2026-01-10T19:29:36.322Z"}
{"level":"info","message":"Checking access for user 6958074621f294db2214fb9c to farm 6958075f21f294db2214fba0","service":"animal-management","timestamp":"2026-01-10T19:29:39.910Z"}
{"level":"info","message":"User 6958074621f294db2214fb9c has access to farm 6958075f21f294db2214fba0","service":"animal-management","timestamp":"2026-01-10T19:29:39.913Z"}
{"level":"info","message":"Checking access for user 6958074621f294db2214fb9c to farm 6958075f21f294db2214fba0","service":"animal-management","timestamp":"2026-01-10T19:29:41.943Z"}
{"level":"info","message":"User 6958074621f294db2214fb9c has access to farm 6958075f21f294db2214fba0","service":"animal-management","timestamp":"2026-01-10T19:29:41.947Z"}
{"level":"info","message":"Checking access for user 6958074621f294db2214fb9c to farm 6958075f21f294db2214fba0","service":"animal-management","timestamp":"2026-01-10T19:31:37.515Z"}
{"level":"info","message":"User 6958074621f294db2214fb9c has access to farm 6958075f21f294db2214fba0","service":"animal-management","timestamp":"2026-01-10T19:31:37.518Z"}
{"level":"info","message":"Checking access for user 6958074621f294db2214fb9c to farm 6958075f21f294db2214fba0","service":"animal-management","timestamp":"2026-01-10T19:31:37.526Z"}
{"level":"info","message":"User 6958074621f294db2214fb9c has access to farm 6958075f21f294db2214fba0","service":"animal-management","timestamp":"2026-01-10T19:31:37.529Z"}
{"level":"info","message":"Checking access for user 6958074621f294db2214fb9c to farm 6958075f21f294db2214fba0","service":"animal-management","timestamp":"2026-01-10T19:31:42.494Z"}
{"level":"info","message":"User 6958074621f294db2214fb9c has access to farm 6958075f21f294db2214fba0","service":"animal-management","timestamp":"2026-01-10T19:31:42.496Z"}
{"level":"info","message":"Checking access for user 6958074621f294db2214fb9c to farm 6958075f21f294db2214fba0","service":"animal-management","timestamp":"2026-01-10T19:31:42.502Z"}
{"level":"info","message":"User 6958074621f294db2214fb9c has access to farm 6958075f21f294db2214fba0","service":"animal-management","timestamp":"2026-01-10T19:31:42.504Z"}
{"level":"info","message":"Checking access for user 6958074621f294db2214fb9c to farm 6958075f21f294db2214fba0","service":"animal-management","timestamp":"2026-01-10T19:31:53.124Z"}
{"level":"info","message":"User 6958074621f294db2214fb9c has access to farm 6958075f21f294db2214fba0","service":"animal-management","timestamp":"2026-01-10T19:31:53.127Z"}
{"level":"info","message":"Checking access for user 6958074621f294db2214fb9c to farm 6958075f21f294db2214fba0","service":"animal-management","timestamp":"2026-01-10T19:31:53.144Z"}
{"level":"info","message":"User 6958074621f294db2214fb9c has access to farm 6958075f21f294db2214fba0","service":"animal-management","timestamp":"2026-01-10T19:31:53.147Z"}
{"level":"info","message":"Checking access for user 6958074621f294db2214fb9c to farm 6958075f21f294db2214fba0","service":"animal-management","timestamp":"2026-01-10T19:31:58.107Z"}
{"level":"info","message":"User 6958074621f294db2214fb9c has access to farm 6958075f21f294db2214fba0","service":"animal-management","timestamp":"2026-01-10T19:31:58.110Z"}
{"level":"info","message":"Checking access for user 6958074621f294db2214fb9c to farm 6958075f21f294db2214fba0","service":"animal-management","timestamp":"2026-01-10T19:31:58.122Z"}
{"level":"info","message":"User 6958074621f294db2214fb9c has access to farm 6958075f21f294db2214fba0","service":"animal-management","timestamp":"2026-01-10T19:31:58.125Z"}
{"level":"info","message":"Checking access for user 6958074621f294db2214fb9c to farm 6958075f21f294db2214fba0","service":"animal-management","timestamp":"2026-01-10T19:31:58.859Z"}
{"level":"info","message":"User 6958074621f294db2214fb9c has access to farm 6958075f21f294db2214fba0","service":"animal-management","timestamp":"2026-01-10T19:31:58.862Z"}
{"level":"info","message":"Checking access for user 6958074621f294db2214fb9c to farm 6958075f21f294db2214fba0","service":"animal-management","timestamp":"2026-01-10T19:31:58.901Z"}
{"level":"info","message":"User 6958074621f294db2214fb9c has access to farm 6958075f21f294db2214fba0","service":"animal-management","timestamp":"2026-01-10T19:31:58.905Z"}
{"level":"info","message":"Checking access for user 6958074621f294db2214fb9c to farm 6958075f21f294db2214fba0","service":"animal-management","timestamp":"2026-01-10T19:32:06.315Z"}
{"level":"info","message":"User 6958074621f294db2214fb9c has access to farm 6958075f21f294db2214fba0","service":"animal-management","timestamp":"2026-01-10T19:32:06.317Z"}
{"level":"info","message":"Checking access for user 6958074621f294db2214fb9c to farm 6958075f21f294db2214fba0","service":"animal-management","timestamp":"2026-01-10T19:32:08.360Z"}
{"level":"info","message":"User 6958074621f294db2214fb9c has access to farm 6958075f21f294db2214fba0","service":"animal-management","timestamp":"2026-01-10T19:32:08.363Z"}
{"level":"info","message":"Checking access for user 6958074621f294db2214fb9c to farm 6958075f21f294db2214fba0","service":"animal-management","timestamp":"2026-01-10T19:40:36.927Z"}
{"level":"info","message":"User 6958074621f294db2214fb9c has access to farm 6958075f21f294db2214fba0","service":"animal-management","timestamp":"2026-01-10T19:40:36.931Z"}
{"level":"info","message":"Checking access for user 6958074621f294db2214fb9c to farm 6958075f21f294db2214fba0","service":"animal-management","timestamp":"2026-01-10T19:40:36.955Z"}
{"level":"info","message":"User 6958074621f294db2214fb9c has access to farm 6958075f21f294db2214fba0","service":"animal-management","timestamp":"2026-01-10T19:40:36.958Z"}
{"level":"info","message":"Checking access for user 6958074621f294db2214fb9c to farm 6958075f21f294db2214fba0","service":"animal-management","timestamp":"2026-01-10T19:40:59.800Z"}
{"level":"info","message":"User 6958074621f294db2214fb9c has access to farm 6958075f21f294db2214fba0","service":"animal-management","timestamp":"2026-01-10T19:40:59.804Z"}
{"level":"info","message":"Checking access for user 6958074621f294db2214fb9c to farm 6958075f21f294db2214fba0","service":"animal-management","timestamp":"2026-01-10T19:40:59.822Z"}
{"level":"info","message":"User 6958074621f294db2214fb9c has access to farm 6958075f21f294db2214fba0","service":"animal-management","timestamp":"2026-01-10T19:40:59.825Z"}
{"level":"info","message":"Checking access for user 6958074621f294db2214fb9c to farm 6958075f21f294db2214fba0","service":"animal-management","timestamp":"2026-01-10T19:41:19.500Z"}
{"level":"info","message":"User 6958074621f294db2214fb9c has access to farm 6958075f21f294db2214fba0","service":"animal-management","timestamp":"2026-01-10T19:41:19.502Z"}
{"level":"info","message":"Checking access for user 6958074621f294db2214fb9c to farm 6958075f21f294db2214fba0","service":"animal-management","timestamp":"2026-01-10T19:41:19.507Z"}
{"level":"info","message":"User 6958074621f294db2214fb9c has access to farm 6958075f21f294db2214fba0","service":"animal-management","timestamp":"2026-01-10T19:41:19.509Z"}
{"level":"info","message":"Checking access for user 6958074621f294db2214fb9c to farm 6958075f21f294db2214fba0","service":"animal-management","timestamp":"2026-01-10T19:41:25.503Z"}
{"level":"info","message":"User 6958074621f294db2214fb9c has access to farm 6958075f21f294db2214fba0","service":"animal-management","timestamp":"2026-01-10T19:41:25.504Z"}
{"level":"info","message":"Checking access for user 6958074621f294db2214fb9c to farm 6958075f21f294db2214fba0","service":"animal-management","timestamp":"2026-01-10T19:41:25.510Z"}
{"level":"info","message":"User 6958074621f294db2214fb9c has access to farm 6958075f21f294db2214fba0","service":"animal-management","timestamp":"2026-01-10T19:41:25.512Z"}
{"level":"info","message":"Checking access for user 6958074621f294db2214fb9c to farm 6958075f21f294db2214fba0","service":"animal-management","timestamp":"2026-01-10T19:41:27.496Z"}
{"level":"info","message":"User 6958074621f294db2214fb9c has access to farm 6958075f21f294db2214fba0","service":"animal-management","timestamp":"2026-01-10T19:41:27.498Z"}
{"level":"info","message":"Checking access for user 6958074621f294db2214fb9c to farm 6958075f21f294db2214fba0","service":"animal-management","timestamp":"2026-01-10T19:41:27.503Z"}
{"level":"info","message":"User 6958074621f294db2214fb9c has access to farm 6958075f21f294db2214fba0","service":"animal-management","timestamp":"2026-01-10T19:41:27.506Z"}
{"level":"info","message":"Checking access for user 6958074621f294db2214fb9c to farm 6958075f21f294db2214fba0","service":"animal-management","timestamp":"2026-01-10T19:41:43.493Z"}
{"level":"info","message":"User 6958074621f294db2214fb9c has access to farm 6958075f21f294db2214fba0","service":"animal-management","timestamp":"2026-01-10T19:41:43.496Z"}
{"level":"info","message":"Checking access for user 6958074621f294db2214fb9c to farm 6958075f21f294db2214fba0","service":"animal-management","timestamp":"2026-01-10T19:41:43.503Z"}
{"level":"info","message":"User 6958074621f294db2214fb9c has access to farm 6958075f21f294db2214fba0","service":"animal-management","timestamp":"2026-01-10T19:41:43.505Z"}
{"level":"info","message":"Checking access for user 6958074621f294db2214fb9c to farm 6958075f21f294db2214fba0","service":"animal-management","timestamp":"2026-01-10T19:41:46.500Z"}
{"level":"info","message":"User 6958074621f294db2214fb9c has access to farm 6958075f21f294db2214fba0","service":"animal-management","timestamp":"2026-01-10T19:41:46.502Z"}
{"level":"info","message":"Checking access for user 6958074621f294db2214fb9c to farm 6958075f21f294db2214fba0","service":"animal-management","timestamp":"2026-01-10T19:41:46.508Z"}
{"level":"info","message":"User 6958074621f294db2214fb9c has access to farm 6958075f21f294db2214fba0","service":"animal-management","timestamp":"2026-01-10T19:41:46.510Z"}
{"level":"info","message":"Checking access for user 6958074621f294db2214fb9c to farm 6958075f21f294db2214fba0","service":"animal-management","timestamp":"2026-01-10T19:41:50.498Z"}
{"level":"info","message":"User 6958074621f294db2214fb9c has access to farm 6958075f21f294db2214fba0","service":"animal-management","timestamp":"2026-01-10T19:41:50.499Z"}
{"level":"info","message":"Checking access for user 6958074621f294db2214fb9c to farm 6958075f21f294db2214fba0","service":"animal-management","timestamp":"2026-01-10T19:41:50.505Z"}
{"level":"info","message":"User 6958074621f294db2214fb9c has access to farm 6958075f21f294db2214fba0","service":"animal-management","timestamp":"2026-01-10T19:41:50.507Z"}
{"level":"info","message":"Checking access for user 6958074621f294db2214fb9c to farm 6958075f21f294db2214fba0","service":"animal-management","timestamp":"2026-01-10T19:41:55.494Z"}
{"level":"info","message":"User 6958074621f294db2214fb9c has access to farm 6958075f21f294db2214fba0","service":"animal-management","timestamp":"2026-01-10T19:41:55.496Z"}
{"level":"info","message":"Checking access for user 6958074621f294db2214fb9c to farm 6958075f21f294db2214fba0","service":"animal-management","timestamp":"2026-01-10T19:41:55.502Z"}
{"level":"info","message":"User 6958074621f294db2214fb9c has access to farm 6958075f21f294db2214fba0","service":"animal-management","timestamp":"2026-01-10T19:41:55.503Z"}
{"level":"info","message":"Checking access for user 6958074621f294db2214fb9c to farm 6958075f21f294db2214fba0","service":"animal-management","timestamp":"2026-01-10T19:41:59.497Z"}
{"level":"info","message":"User 6958074621f294db2214fb9c has access to farm 6958075f21f294db2214fba0","service":"animal-management","timestamp":"2026-01-10T19:41:59.499Z"}
{"level":"info","message":"Checking access for user 6958074621f294db2214fb9c to farm 6958075f21f294db2214fba0","service":"animal-management","timestamp":"2026-01-10T19:41:59.505Z"}
{"level":"info","message":"User 6958074621f294db2214fb9c has access to farm 6958075f21f294db2214fba0","service":"animal-management","timestamp":"2026-01-10T19:41:59.507Z"}
